Using pre-set license
Built from '2020.3/staging' branch; Version is '2020.3.17f1 (a4537701e4ab) revision 10769271'; Using compiler version '192528614'; Build Type 'Release'
OS: 'Windows 10 Home; OS build 19044.1415; Version 2009; 64bit' Language: 'en' Physical Memory: 16284 MB
BatchMode: 1, IsHumanControllingUs: 0, StartBugReporterOnCrash: 0, Is64bit: 1, IsPro: 0

COMMAND LINE ARGUMENTS:
C:\Program Files\Unity\Hub\Editor\2020.3.17f1\Editor\Unity.exe
-adb2
-batchMode
-noUpm
-name
AssetImportWorker0
-projectPath
C:/Users/steff/OneDrive - Hogeschool West-Vlaanderen/DAE IGP/Platform Dev 3/HEXEN/Stef_Felix_Hexen2021_Main
-logFile
Logs/AssetImportWorker0.log
-srvPort
62817
Successfully changed project path to: C:/Users/steff/OneDrive - Hogeschool West-Vlaanderen/DAE IGP/Platform Dev 3/HEXEN/Stef_Felix_Hexen2021_Main
C:/Users/steff/OneDrive - Hogeschool West-Vlaanderen/DAE IGP/Platform Dev 3/HEXEN/Stef_Felix_Hexen2021_Main
Using Asset Import Pipeline V2.
Refreshing native plugins compatible for Editor in 50.03 ms, found 2 plugins.
Preloading 0 native plugins for Editor in 0.00 ms.
Initialize engine version: 2020.3.17f1 (a4537701e4ab)
[Subsystems] Discovering subsystems at path C:/Program Files/Unity/Hub/Editor/2020.3.17f1/Editor/Data/Resources/UnitySubsystems
[Subsystems] Discovering subsystems at path C:/Users/steff/OneDrive - Hogeschool West-Vlaanderen/DAE IGP/Platform Dev 3/HEXEN/Stef_Felix_Hexen2021_Main/Assets
GfxDevice: creating device client; threaded=0
Direct3D:
    Version:  Direct3D 11.0 [level 11.1]
    Renderer: NVIDIA GeForce RTX 2070 Super with Max-Q Design (ID=0x1e91)
    Vendor:   
    VRAM:     8012 MB
    Driver:   30.0.14.9729
Initialize mono
Mono path[0] = 'C:/Program Files/Unity/Hub/Editor/2020.3.17f1/Editor/Data/Managed'
Mono path[1] = 'C:/Program Files/Unity/Hub/Editor/2020.3.17f1/Editor/Data/MonoBleedingEdge/lib/mono/unityjit'
Mono config path = 'C:/Program Files/Unity/Hub/Editor/2020.3.17f1/Editor/Data/MonoBleedingEdge/etc'
Using monoOptions --debugger-agent=transport=dt_socket,embedding=1,server=y,suspend=n,address=127.0.0.1:56280
Begin MonoManager ReloadAssembly
Registering precompiled unity dll's ...
Register platform support module: C:/Program Files/Unity/Hub/Editor/2020.3.17f1/Editor/Data/PlaybackEngines/WindowsStandaloneSupport/UnityEditor.WindowsStandalone.Extensions.dll
Registered in 0.003170 seconds.
Native extension for WindowsStandalone target not found
Refreshing native plugins compatible for Editor in 47.67 ms, found 2 plugins.
Preloading 0 native plugins for Editor in 0.00 ms.
Mono: successfully reloaded assembly
- Completed reload, in  1.806 seconds
Domain Reload Profiling:
	ReloadAssembly (1806ms)
		BeginReloadAssembly (98ms)
			ExecutionOrderSort (0ms)
			DisableScriptedObjects (0ms)
			BackupInstance (0ms)
			ReleaseScriptingObjects (0ms)
			CreateAndSetChildDomain (1ms)
		EndReloadAssembly (682ms)
			LoadAssemblies (95ms)
			RebuildTransferFunctionScriptingTraits (0ms)
			SetupTypeCache (261ms)
			ReleaseScriptCaches (0ms)
			RebuildScriptCaches (49ms)
			SetupLoadedEditorAssemblies (255ms)
				LogAssemblyErrors (0ms)
				InitializePlatformSupportModulesInManaged (6ms)
				SetLoadedEditorAssemblies (0ms)
				RefreshPlugins (48ms)
				BeforeProcessingInitializeOnLoad (27ms)
				ProcessInitializeOnLoadAttributes (128ms)
				ProcessInitializeOnLoadMethodAttributes (45ms)
				AfterProcessingInitializeOnLoad (0ms)
				EditorAssembliesLoaded (0ms)
			ExecutionOrderSort2 (0ms)
			AwakeInstancesAfterBackupRestoration (0ms)
Platform modules already initialized, skipping
Registering precompiled user dll's ...
Registered in 0.007330 seconds.
Begin MonoManager ReloadAssembly
Native extension for WindowsStandalone target not found
Refreshing native plugins compatible for Editor in 0.43 ms, found 2 plugins.
Preloading 0 native plugins for Editor in 0.00 ms.
Mono: successfully reloaded assembly
- Completed reload, in  1.760 seconds
Domain Reload Profiling:
	ReloadAssembly (1760ms)
		BeginReloadAssembly (244ms)
			ExecutionOrderSort (0ms)
			DisableScriptedObjects (7ms)
			BackupInstance (0ms)
			ReleaseScriptingObjects (0ms)
			CreateAndSetChildDomain (25ms)
		EndReloadAssembly (1414ms)
			LoadAssemblies (145ms)
			RebuildTransferFunctionScriptingTraits (0ms)
			SetupTypeCache (440ms)
			ReleaseScriptCaches (0ms)
			RebuildScriptCaches (65ms)
			SetupLoadedEditorAssemblies (619ms)
				LogAssemblyErrors (0ms)
				InitializePlatformSupportModulesInManaged (8ms)
				SetLoadedEditorAssemblies (1ms)
				RefreshPlugins (1ms)
				BeforeProcessingInitializeOnLoad (135ms)
				ProcessInitializeOnLoadAttributes (457ms)
				ProcessInitializeOnLoadMethodAttributes (7ms)
				AfterProcessingInitializeOnLoad (11ms)
				EditorAssembliesLoaded (0ms)
			ExecutionOrderSort2 (0ms)
			AwakeInstancesAfterBackupRestoration (11ms)
Platform modules already initialized, skipping
========================================================================
Worker process is ready to serve import requests
Launched and connected shader compiler UnityShaderCompiler.exe after 0.11 seconds
Refreshing native plugins compatible for Editor in 0.41 ms, found 2 plugins.
Preloading 0 native plugins for Editor in 0.00 ms.
Unloading 1411 Unused Serialized files (Serialized files now loaded: 0)
System memory in use before: 65.7 MB.
System memory in use after: 65.7 MB.

Unloading 18 unused Assets to reduce memory usage. Loaded Objects now: 1844.
Total: 3.926100 ms (FindLiveObjects: 0.183400 ms CreateObjectMapping: 0.070500 ms MarkObjects: 3.598500 ms  DeleteObjects: 0.072200 ms)

AssetImportParameters requested are different than current active one (requested -> active):
  custom:framework-win-MediaFoundation: 216162199b28c13a410421893ffa2e32 -> 
  custom:video-decoder-ogg-theora: a1e56fd34408186e4bbccfd4996cb3dc -> 
  custom:container-muxer-webm: aa71ff27fc2769a1b78a27578f13a17b -> 
  custom:container-demuxer-webm: 4f35f7cbe854078d1ac9338744f61a02 -> 
  custom:container-demuxer-ogg: 62fdf1f143b41e24485cea50d1cbac27 -> 
  custom:video-encoder-webm-vp8: eb34c28f22e8b96e1ab97ce403110664 -> 
  custom:video-decoder-webm-vp8: 9c59270c3fd7afecdb556c50c9e8de78 -> 
  custom:audio-decoder-ogg-vorbis: bf7c407c2cedff20999df2af8eb42d56 -> 
  custom:audio-encoder-webm-vorbis: bf7c407c2cedff20999df2af8eb42d56 -> 
========================================================================
Received Import Request.
  path: Assets/Scripts/StateSystem
  artifactKey: Guid(901078670244b0c4b917fc21235bf0cd) Importer(815301076,1909f56bfc062723c751e8b465ee728b)
Start importing Assets/Scripts/StateSystem using Guid(901078670244b0c4b917fc21235bf0cd) Importer(815301076,1909f56bfc062723c751e8b465ee728b)  -> (artifact id: 'b447f4c930b529b59f2ad2b4249f3beb') in 0.012105 seconds 
  Import took 0.015427 seconds .

========================================================================
Received Import Request.
  Time since last request: 15.187316 seconds.
  path: Assets/Scripts/StateSystem/StateSystem.asmdef
  artifactKey: Guid(d76b7fc9f8e8e8544933d67d2cd21feb) Importer(815301076,1909f56bfc062723c751e8b465ee728b)
Start importing Assets/Scripts/StateSystem/StateSystem.asmdef using Guid(d76b7fc9f8e8e8544933d67d2cd21feb) Importer(815301076,1909f56bfc062723c751e8b465ee728b)  -> (artifact id: '734e219506da2aee76beed782e31725e') in 0.030096 seconds 
  Import took 0.034322 seconds .

========================================================================
Received Import Request.
  Time since last request: 0.030399 seconds.
  path: Assets/Scripts/StateSystem/StateSystem.asmdef
  artifactKey: Guid(d76b7fc9f8e8e8544933d67d2cd21feb) Importer(815301076,1909f56bfc062723c751e8b465ee728b)
Start importing Assets/Scripts/StateSystem/StateSystem.asmdef using Guid(d76b7fc9f8e8e8544933d67d2cd21feb) Importer(815301076,1909f56bfc062723c751e8b465ee728b)  -> (artifact id: '734e219506da2aee76beed782e31725e') in 0.005663 seconds 
  Import took 0.009692 seconds .

========================================================================
Received Import Request.
  Time since last request: 12.500096 seconds.
  path: Assets/Scripts/StateSystem/StateMachine.cs
  artifactKey: Guid(f47469968d8c34540876fa3d4bd8b5fb) Importer(815301076,1909f56bfc062723c751e8b465ee728b)
Start importing Assets/Scripts/StateSystem/StateMachine.cs using Guid(f47469968d8c34540876fa3d4bd8b5fb) Importer(815301076,1909f56bfc062723c751e8b465ee728b)  -> (artifact id: 'b64c3296de86f2aee8d5a21052aa6cfc') in 0.015114 seconds 
  Import took 0.018512 seconds .

========================================================================
Received Import Request.
  Time since last request: 4.815885 seconds.
  path: Assets/Scripts/StateSystem/IState.cs
  artifactKey: Guid(a51f5060bf394204ebfce39bc79046e3) Importer(815301076,1909f56bfc062723c751e8b465ee728b)
Start importing Assets/Scripts/StateSystem/IState.cs using Guid(a51f5060bf394204ebfce39bc79046e3) Importer(815301076,1909f56bfc062723c751e8b465ee728b)  -> (artifact id: 'b4e3f9b37bbc462f8c3e2c5dda7b9592') in 0.011302 seconds 
  Import took 0.015638 seconds .

========================================================================
Received Import Request.
  Time since last request: 66.245130 seconds.
  path: Assets/Scripts/GameSystem/GameSystem.asmdef
  artifactKey: Guid(1d1a45937c64ea9439e85e022a03f28a) Importer(815301076,1909f56bfc062723c751e8b465ee728b)
Start importing Assets/Scripts/GameSystem/GameSystem.asmdef using Guid(1d1a45937c64ea9439e85e022a03f28a) Importer(815301076,1909f56bfc062723c751e8b465ee728b)  -> (artifact id: '06cc9c09fe4e06cbe600dfb03978a685') in 0.004163 seconds 
  Import took 0.009256 seconds .

========================================================================
Received Import Request.
  Time since last request: 268.105566 seconds.
  path: Assets/Scripts/StateSystem/StateMachine.cs
  artifactKey: Guid(f47469968d8c34540876fa3d4bd8b5fb) Importer(815301076,1909f56bfc062723c751e8b465ee728b)
Start importing Assets/Scripts/StateSystem/StateMachine.cs using Guid(f47469968d8c34540876fa3d4bd8b5fb) Importer(815301076,1909f56bfc062723c751e8b465ee728b)  -> (artifact id: '28068410365555a28ba01ad34140d266') in 0.003580 seconds 
  Import took 0.007441 seconds .

========================================================================
Received Import Request.
  Time since last request: 622.526732 seconds.
  path: Assets/Scripts/StateSystem/IState.cs
  artifactKey: Guid(a51f5060bf394204ebfce39bc79046e3) Importer(815301076,1909f56bfc062723c751e8b465ee728b)
Start importing Assets/Scripts/StateSystem/IState.cs using Guid(a51f5060bf394204ebfce39bc79046e3) Importer(815301076,1909f56bfc062723c751e8b465ee728b)  -> (artifact id: 'd74742176a8ffcc4528243b168571ac7') in 0.003763 seconds 
  Import took 0.008245 seconds .

========================================================================
Received Import Request.
  Time since last request: 51.817929 seconds.
  path: Assets/Scripts/GameSystem/GameStates
  artifactKey: Guid(0636253babcb04c4ca1d9c4bd177b278) Importer(815301076,1909f56bfc062723c751e8b465ee728b)
Start importing Assets/Scripts/GameSystem/GameStates using Guid(0636253babcb04c4ca1d9c4bd177b278) Importer(815301076,1909f56bfc062723c751e8b465ee728b)  -> (artifact id: '0daa01397aebdf824421dca21407e71d') in 0.009888 seconds 
  Import took 0.014885 seconds .

========================================================================
Received Import Request.
  Time since last request: 0.002568 seconds.
  path: Assets/Scripts/GameSystem/GameStates
  artifactKey: Guid(0636253babcb04c4ca1d9c4bd177b278) Importer(815301076,1909f56bfc062723c751e8b465ee728b)
Start importing Assets/Scripts/GameSystem/GameStates using Guid(0636253babcb04c4ca1d9c4bd177b278) Importer(815301076,1909f56bfc062723c751e8b465ee728b)  -> (artifact id: '0daa01397aebdf824421dca21407e71d') in 0.004245 seconds 
  Import took 0.008162 seconds .

========================================================================
Received Import Request.
  Time since last request: 8.143408 seconds.
  path: Assets/Scripts/GameSystem/GameStates/GameStateBase.cs
  artifactKey: Guid(0b8ccb213310e6c4581bf295aab9833e) Importer(815301076,1909f56bfc062723c751e8b465ee728b)
Start importing Assets/Scripts/GameSystem/GameStates/GameStateBase.cs using Guid(0b8ccb213310e6c4581bf295aab9833e) Importer(815301076,1909f56bfc062723c751e8b465ee728b)  -> (artifact id: '562e6c566b0562d68e747875927614d2') in 0.010281 seconds 
  Import took 0.014222 seconds .

========================================================================
Received Import Request.
  Time since last request: 135.372737 seconds.
  path: Assets/Scripts/GameSystem/GameStates/GameStateBase.cs
  artifactKey: Guid(0b8ccb213310e6c4581bf295aab9833e) Importer(815301076,1909f56bfc062723c751e8b465ee728b)
Start importing Assets/Scripts/GameSystem/GameStates/GameStateBase.cs using Guid(0b8ccb213310e6c4581bf295aab9833e) Importer(815301076,1909f56bfc062723c751e8b465ee728b)  -> (artifact id: '30e6b3c222903f9ad5c090a5ea2684cc') in 0.003361 seconds 
  Import took 0.007716 seconds .

========================================================================
Received Prepare
Registering precompiled user dll's ...
Registered in 0.006892 seconds.
Begin MonoManager ReloadAssembly
Native extension for WindowsStandalone target not found
Refreshing native plugins compatible for Editor in 0.42 ms, found 2 plugins.
Preloading 0 native plugins for Editor in 0.00 ms.
Mono: successfully reloaded assembly
- Completed reload, in  1.665 seconds
Domain Reload Profiling:
	ReloadAssembly (1666ms)
		BeginReloadAssembly (178ms)
			ExecutionOrderSort (0ms)
			DisableScriptedObjects (8ms)
			BackupInstance (0ms)
			ReleaseScriptingObjects (0ms)
			CreateAndSetChildDomain (46ms)
		EndReloadAssembly (1385ms)
			LoadAssemblies (162ms)
			RebuildTransferFunctionScriptingTraits (0ms)
			SetupTypeCache (443ms)
			ReleaseScriptCaches (1ms)
			RebuildScriptCaches (60ms)
			SetupLoadedEditorAssemblies (569ms)
				LogAssemblyErrors (0ms)
				InitializePlatformSupportModulesInManaged (8ms)
				SetLoadedEditorAssemblies (1ms)
				RefreshPlugins (1ms)
				BeforeProcessingInitializeOnLoad (118ms)
				ProcessInitializeOnLoadAttributes (424ms)
				ProcessInitializeOnLoadMethodAttributes (6ms)
				AfterProcessingInitializeOnLoad (11ms)
				EditorAssembliesLoaded (0ms)
			ExecutionOrderSort2 (0ms)
			AwakeInstancesAfterBackupRestoration (11ms)
Platform modules already initialized, skipping
Refreshing native plugins compatible for Editor in 0.42 ms, found 2 plugins.
Preloading 0 native plugins for Editor in 0.00 ms.
Unloading 1408 Unused Serialized files (Serialized files now loaded: 0)
System memory in use before: 65.6 MB.
System memory in use after: 65.7 MB.

Unloading 13 unused Assets to reduce memory usage. Loaded Objects now: 1849.
Total: 3.894400 ms (FindLiveObjects: 0.189000 ms CreateObjectMapping: 0.068700 ms MarkObjects: 3.611600 ms  DeleteObjects: 0.023600 ms)

AssetImportParameters requested are different than current active one (requested -> active):
  custom:framework-win-MediaFoundation: 216162199b28c13a410421893ffa2e32 -> 
  custom:video-decoder-ogg-theora: a1e56fd34408186e4bbccfd4996cb3dc -> 
  custom:container-muxer-webm: aa71ff27fc2769a1b78a27578f13a17b -> 
  custom:container-demuxer-webm: 4f35f7cbe854078d1ac9338744f61a02 -> 
  custom:container-demuxer-ogg: 62fdf1f143b41e24485cea50d1cbac27 -> 
  custom:video-encoder-webm-vp8: eb34c28f22e8b96e1ab97ce403110664 -> 
  custom:video-decoder-webm-vp8: 9c59270c3fd7afecdb556c50c9e8de78 -> 
  custom:audio-decoder-ogg-vorbis: bf7c407c2cedff20999df2af8eb42d56 -> 
  custom:audio-encoder-webm-vorbis: bf7c407c2cedff20999df2af8eb42d56 -> 
========================================================================
Received Import Request.
  Time since last request: 57.939107 seconds.
  path: Assets
  artifactKey: Guid(00000000000000001000000000000000) Importer(815301076,1909f56bfc062723c751e8b465ee728b)
Start importing Assets using Guid(00000000000000001000000000000000) Importer(815301076,1909f56bfc062723c751e8b465ee728b)  -> (artifact id: '42d402b061de3733987d63b9cc3b64de') in 0.012766 seconds 
  Import took 0.017407 seconds .

========================================================================
Received Import Request.
  Time since last request: 4.405540 seconds.
  path: Assets/Config
  artifactKey: Guid(f6a0978b75140224d87f17353c4825ca) Importer(815301076,1909f56bfc062723c751e8b465ee728b)
Start importing Assets/Config using Guid(f6a0978b75140224d87f17353c4825ca) Importer(815301076,1909f56bfc062723c751e8b465ee728b)  -> (artifact id: '4dfe434cb316664df382d8636e834523') in 0.008881 seconds 
  Import took 0.012564 seconds .

========================================================================
Received Import Request.
  Time since last request: 9.226326 seconds.
  path: Assets/Config/DefaultTileViewFactory.asset
  artifactKey: Guid(128eb15a3722c0643a295af3eee50b9c) Importer(815301076,1909f56bfc062723c751e8b465ee728b)
Start importing Assets/Config/DefaultTileViewFactory.asset using Guid(128eb15a3722c0643a295af3eee50b9c) Importer(815301076,1909f56bfc062723c751e8b465ee728b)  -> (artifact id: '50afa9eb4014968ff7e4e35c568740f9') in 0.023501 seconds 
  Import took 0.026736 seconds .

========================================================================
Received Import Request.
  Time since last request: 14.900078 seconds.
  path: Assets/Config/DefaultPositionHelper.asset
  artifactKey: Guid(c6adee506553c8b408e7049f551b49c9) Importer(815301076,1909f56bfc062723c751e8b465ee728b)
Start importing Assets/Config/DefaultPositionHelper.asset using Guid(c6adee506553c8b408e7049f551b49c9) Importer(815301076,1909f56bfc062723c751e8b465ee728b)  -> (artifact id: '0df4547b6b5bba791427251781c94196') in 0.010409 seconds 
  Import took 0.013732 seconds .

========================================================================
Received Import Request.
  Time since last request: 1065.805622 seconds.
  path: Assets/Models
  artifactKey: Guid(5d5cbfcf041c3d04491acdca120f0fd8) Importer(815301076,1909f56bfc062723c751e8b465ee728b)
Start importing Assets/Models using Guid(5d5cbfcf041c3d04491acdca120f0fd8) Importer(815301076,1909f56bfc062723c751e8b465ee728b)  -> (artifact id: '6e6d46df45c270e61901d42774bd8493') in 0.009212 seconds 
  Import took 0.014553 seconds .

========================================================================
Received Import Request.
  Time since last request: 0.001065 seconds.
  path: Assets/Models
  artifactKey: Guid(5d5cbfcf041c3d04491acdca120f0fd8) Importer(815301076,1909f56bfc062723c751e8b465ee728b)
Start importing Assets/Models using Guid(5d5cbfcf041c3d04491acdca120f0fd8) Importer(815301076,1909f56bfc062723c751e8b465ee728b)  -> (artifact id: '6e6d46df45c270e61901d42774bd8493') in 0.003430 seconds 
  Import took 0.006638 seconds .

========================================================================
Received Import Request.
  Time since last request: 10.318914 seconds.
  path: Assets/Models/HexTile.fbx
  artifactKey: Guid(6e786912b7d041a4183a0ef7eed8c765) Importer(815301076,1909f56bfc062723c751e8b465ee728b)
Start importing Assets/Models/HexTile.fbx using Guid(6e786912b7d041a4183a0ef7eed8c765) Importer(815301076,1909f56bfc062723c751e8b465ee728b)  -> (artifact id: '28d51cbb8b099dd5e75c98c7802f6425') in 0.610037 seconds 
  Import took 0.613684 seconds .

========================================================================
Received Import Request.
  Time since last request: 6.693154 seconds.
  path: Assets/Prefabs
  artifactKey: Guid(774ae655a3ce03b40a3615ed935ab1a3) Importer(815301076,1909f56bfc062723c751e8b465ee728b)
Start importing Assets/Prefabs using Guid(774ae655a3ce03b40a3615ed935ab1a3) Importer(815301076,1909f56bfc062723c751e8b465ee728b)  -> (artifact id: '7695c7e71f3e6d9789ee94f276509bc3') in 0.010906 seconds 
  Import took 0.014593 seconds .

========================================================================
Received Import Request.
  Time since last request: 0.003496 seconds.
  path: Assets/Prefabs
  artifactKey: Guid(774ae655a3ce03b40a3615ed935ab1a3) Importer(815301076,1909f56bfc062723c751e8b465ee728b)
Start importing Assets/Prefabs using Guid(774ae655a3ce03b40a3615ed935ab1a3) Importer(815301076,1909f56bfc062723c751e8b465ee728b)  -> (artifact id: '7695c7e71f3e6d9789ee94f276509bc3') in 0.003526 seconds 
  Import took 0.006782 seconds .

========================================================================
Received Import Request.
  Time since last request: 15.124129 seconds.
  path: Assets/Prefabs/Tile.prefab
  artifactKey: Guid(754d65e262c7d6c47b61d8f8cb260d63) Importer(815301076,1909f56bfc062723c751e8b465ee728b)
Start importing Assets/Prefabs/Tile.prefab using Guid(754d65e262c7d6c47b61d8f8cb260d63) Importer(815301076,1909f56bfc062723c751e8b465ee728b)  -> (artifact id: '295064ee4a99d69a8804e6541c2a4068') in 0.014057 seconds 
  Import took 0.018132 seconds .

========================================================================
Received Import Request.
  Time since last request: 105.109308 seconds.
  path: Assets/Prefabs/Tile.prefab
  artifactKey: Guid(754d65e262c7d6c47b61d8f8cb260d63) Importer(815301076,1909f56bfc062723c751e8b465ee728b)
Start importing Assets/Prefabs/Tile.prefab using Guid(754d65e262c7d6c47b61d8f8cb260d63) Importer(815301076,1909f56bfc062723c751e8b465ee728b)  -> (artifact id: '66aab2373cc7cf7c6e0e5039ada01c35') in 0.020120 seconds 
  Import took 0.024181 seconds .

========================================================================
Received Import Request.
  Time since last request: 35.740663 seconds.
  path: Assets/Prefabs/Tile.prefab
  artifactKey: Guid(754d65e262c7d6c47b61d8f8cb260d63) Importer(815301076,1909f56bfc062723c751e8b465ee728b)
Start importing Assets/Prefabs/Tile.prefab using Guid(754d65e262c7d6c47b61d8f8cb260d63) Importer(815301076,1909f56bfc062723c751e8b465ee728b)  -> (artifact id: 'a0f03d07f3ef47a477f0bfc475078bbe') in 0.012680 seconds 
  Import took 0.016349 seconds .

========================================================================
Received Import Request.
  Time since last request: 16.661178 seconds.
  path: Assets/Materials
  artifactKey: Guid(bd87b4675fdb1914f97d6c090ddadb0e) Importer(815301076,1909f56bfc062723c751e8b465ee728b)
Start importing Assets/Materials using Guid(bd87b4675fdb1914f97d6c090ddadb0e) Importer(815301076,1909f56bfc062723c751e8b465ee728b)  -> (artifact id: '7edad8d9681b2702270cda0290591f93') in 0.008799 seconds 
  Import took 0.012329 seconds .

========================================================================
Received Import Request.
  Time since last request: 0.003491 seconds.
  path: Assets/Materials
  artifactKey: Guid(bd87b4675fdb1914f97d6c090ddadb0e) Importer(815301076,1909f56bfc062723c751e8b465ee728b)
Start importing Assets/Materials using Guid(bd87b4675fdb1914f97d6c090ddadb0e) Importer(815301076,1909f56bfc062723c751e8b465ee728b)  -> (artifact id: '7edad8d9681b2702270cda0290591f93') in 0.003296 seconds 
  Import took 0.006631 seconds .

========================================================================
Received Import Request.
  Time since last request: 10.716629 seconds.
  path: Assets/Materials/MAT_Highlight.mat
  artifactKey: Guid(321be114ce8d5534fa6cf29925f830cd) Importer(815301076,1909f56bfc062723c751e8b465ee728b)
Start importing Assets/Materials/MAT_Highlight.mat using Guid(321be114ce8d5534fa6cf29925f830cd) Importer(815301076,1909f56bfc062723c751e8b465ee728b)  -> (artifact id: '3832e87fd06dcee91140e2050d9bd856') in 0.050030 seconds 
  Import took 0.053810 seconds .

========================================================================
Received Import Request.
  Time since last request: 18.093927 seconds.
  path: Assets/Materials/MAT_HexTile.mat
  artifactKey: Guid(d84320485ed18ae4a98a9062e4378a84) Importer(815301076,1909f56bfc062723c751e8b465ee728b)
Start importing Assets/Materials/MAT_HexTile.mat using Guid(d84320485ed18ae4a98a9062e4378a84) Importer(815301076,1909f56bfc062723c751e8b465ee728b)  -> (artifact id: '5f244158c6b287a0531788933ff0d848') in 0.022082 seconds 
  Import took 0.026318 seconds .

========================================================================
Received Import Request.
  Time since last request: 38.510008 seconds.
  path: Assets/Prefabs/Tile.prefab
  artifactKey: Guid(754d65e262c7d6c47b61d8f8cb260d63) Importer(815301076,1909f56bfc062723c751e8b465ee728b)
Start importing Assets/Prefabs/Tile.prefab using Guid(754d65e262c7d6c47b61d8f8cb260d63) Importer(815301076,1909f56bfc062723c751e8b465ee728b)  -> (artifact id: '31a8f9aa931df6ce9a9f6769ede81d16') in 0.020796 seconds 
  Import took 0.025463 seconds .

========================================================================
Received Import Request.
  Time since last request: 970.491668 seconds.
  path: Assets/Scripts/GameSystem/Views/PlayerView.cs
  artifactKey: Guid(a748e79b8a86d7345b998992a6b8437b) Importer(815301076,1909f56bfc062723c751e8b465ee728b)
Start importing Assets/Scripts/GameSystem/Views/PlayerView.cs using Guid(a748e79b8a86d7345b998992a6b8437b) Importer(815301076,1909f56bfc062723c751e8b465ee728b)  -> (artifact id: '1f9848e0aafb8ab4642088ce28a8df3b') in 0.011741 seconds 
  Import took 0.016330 seconds .

========================================================================
Received Prepare
Registering precompiled user dll's ...
Registered in 0.008173 seconds.
Begin MonoManager ReloadAssembly
Native extension for WindowsStandalone target not found
Refreshing native plugins compatible for Editor in 0.52 ms, found 2 plugins.
Preloading 0 native plugins for Editor in 0.00 ms.
Mono: successfully reloaded assembly
- Completed reload, in  2.055 seconds
Domain Reload Profiling:
	ReloadAssembly (2056ms)
		BeginReloadAssembly (226ms)
			ExecutionOrderSort (0ms)
			DisableScriptedObjects (7ms)
			BackupInstance (0ms)
			ReleaseScriptingObjects (0ms)
			CreateAndSetChildDomain (62ms)
		EndReloadAssembly (1688ms)
			LoadAssemblies (196ms)
			RebuildTransferFunctionScriptingTraits (0ms)
			SetupTypeCache (557ms)
			ReleaseScriptCaches (1ms)
			RebuildScriptCaches (64ms)
			SetupLoadedEditorAssemblies (673ms)
				LogAssemblyErrors (0ms)
				InitializePlatformSupportModulesInManaged (11ms)
				SetLoadedEditorAssemblies (1ms)
				RefreshPlugins (1ms)
				BeforeProcessingInitializeOnLoad (147ms)
				ProcessInitializeOnLoadAttributes (492ms)
				ProcessInitializeOnLoadMethodAttributes (10ms)
				AfterProcessingInitializeOnLoad (11ms)
				EditorAssembliesLoaded (0ms)
			ExecutionOrderSort2 (0ms)
			AwakeInstancesAfterBackupRestoration (16ms)
Platform modules already initialized, skipping
Refreshing native plugins compatible for Editor in 0.48 ms, found 2 plugins.
Preloading 0 native plugins for Editor in 0.00 ms.
Unloading 1409 Unused Serialized files (Serialized files now loaded: 0)
System memory in use before: 69.1 MB.
System memory in use after: 69.2 MB.

Unloading 14 unused Assets to reduce memory usage. Loaded Objects now: 1895.
Total: 4.234000 ms (FindLiveObjects: 0.195000 ms CreateObjectMapping: 0.069400 ms MarkObjects: 3.929500 ms  DeleteObjects: 0.037800 ms)

AssetImportParameters requested are different than current active one (requested -> active):
  custom:framework-win-MediaFoundation: 216162199b28c13a410421893ffa2e32 -> 
  custom:video-decoder-ogg-theora: a1e56fd34408186e4bbccfd4996cb3dc -> 
  custom:container-muxer-webm: aa71ff27fc2769a1b78a27578f13a17b -> 
  custom:container-demuxer-webm: 4f35f7cbe854078d1ac9338744f61a02 -> 
  custom:container-demuxer-ogg: 62fdf1f143b41e24485cea50d1cbac27 -> 
  custom:video-encoder-webm-vp8: eb34c28f22e8b96e1ab97ce403110664 -> 
  custom:video-decoder-webm-vp8: 9c59270c3fd7afecdb556c50c9e8de78 -> 
  custom:audio-decoder-ogg-vorbis: bf7c407c2cedff20999df2af8eb42d56 -> 
  custom:audio-encoder-webm-vorbis: bf7c407c2cedff20999df2af8eb42d56 -> 
========================================================================
Received Import Request.
  Time since last request: 364.969714 seconds.
  path: Assets/Scripts/GameSystem/Views/PlayerView.cs
  artifactKey: Guid(a748e79b8a86d7345b998992a6b8437b) Importer(815301076,1909f56bfc062723c751e8b465ee728b)
Start importing Assets/Scripts/GameSystem/Views/PlayerView.cs using Guid(a748e79b8a86d7345b998992a6b8437b) Importer(815301076,1909f56bfc062723c751e8b465ee728b)  -> (artifact id: '86754e67b41c0a80f649d40ae8460cd8') in 0.009234 seconds 
  Import took 0.014824 seconds .

========================================================================
Received Import Request.
  Time since last request: 0.005636 seconds.
  path: Assets/Scripts/GameSystem/Views/PlayerView.cs
  artifactKey: Guid(a748e79b8a86d7345b998992a6b8437b) Importer(815301076,1909f56bfc062723c751e8b465ee728b)
Start importing Assets/Scripts/GameSystem/Views/PlayerView.cs using Guid(a748e79b8a86d7345b998992a6b8437b) Importer(815301076,1909f56bfc062723c751e8b465ee728b)  -> (artifact id: '86754e67b41c0a80f649d40ae8460cd8') in 0.003373 seconds 
  Import took 0.006722 seconds .

========================================================================
Received Prepare
Registering precompiled user dll's ...
Registered in 0.007027 seconds.
Begin MonoManager ReloadAssembly
Native extension for WindowsStandalone target not found
Refreshing native plugins compatible for Editor in 0.44 ms, found 2 plugins.
Preloading 0 native plugins for Editor in 0.00 ms.
Mono: successfully reloaded assembly
- Completed reload, in  1.678 seconds
Domain Reload Profiling:
	ReloadAssembly (1679ms)
		BeginReloadAssembly (179ms)
			ExecutionOrderSort (0ms)
			DisableScriptedObjects (12ms)
			BackupInstance (0ms)
			ReleaseScriptingObjects (0ms)
			CreateAndSetChildDomain (45ms)
		EndReloadAssembly (1391ms)
			LoadAssemblies (157ms)
			RebuildTransferFunctionScriptingTraits (0ms)
			SetupTypeCache (441ms)
			ReleaseScriptCaches (1ms)
			RebuildScriptCaches (57ms)
			SetupLoadedEditorAssemblies (590ms)
				LogAssemblyErrors (0ms)
				InitializePlatformSupportModulesInManaged (8ms)
				SetLoadedEditorAssemblies (1ms)
				RefreshPlugins (1ms)
				BeforeProcessingInitializeOnLoad (121ms)
				ProcessInitializeOnLoadAttributes (441ms)
				ProcessInitializeOnLoadMethodAttributes (7ms)
				AfterProcessingInitializeOnLoad (11ms)
				EditorAssembliesLoaded (0ms)
			ExecutionOrderSort2 (0ms)
			AwakeInstancesAfterBackupRestoration (11ms)
Platform modules already initialized, skipping
Refreshing native plugins compatible for Editor in 0.43 ms, found 2 plugins.
Preloading 0 native plugins for Editor in 0.00 ms.
Unloading 1409 Unused Serialized files (Serialized files now loaded: 0)
System memory in use before: 69.1 MB.
System memory in use after: 69.2 MB.

Unloading 13 unused Assets to reduce memory usage. Loaded Objects now: 1897.
Total: 3.921300 ms (FindLiveObjects: 0.204200 ms CreateObjectMapping: 0.078200 ms MarkObjects: 3.615400 ms  DeleteObjects: 0.022200 ms)

AssetImportParameters requested are different than current active one (requested -> active):
  custom:framework-win-MediaFoundation: 216162199b28c13a410421893ffa2e32 -> 
  custom:video-decoder-ogg-theora: a1e56fd34408186e4bbccfd4996cb3dc -> 
  custom:container-muxer-webm: aa71ff27fc2769a1b78a27578f13a17b -> 
  custom:container-demuxer-webm: 4f35f7cbe854078d1ac9338744f61a02 -> 
  custom:container-demuxer-ogg: 62fdf1f143b41e24485cea50d1cbac27 -> 
  custom:video-encoder-webm-vp8: eb34c28f22e8b96e1ab97ce403110664 -> 
  custom:video-decoder-webm-vp8: 9c59270c3fd7afecdb556c50c9e8de78 -> 
  custom:audio-decoder-ogg-vorbis: bf7c407c2cedff20999df2af8eb42d56 -> 
  custom:audio-encoder-webm-vorbis: bf7c407c2cedff20999df2af8eb42d56 -> 
========================================================================
Received Import Request.
  Time since last request: 9.656431 seconds.
  path: Assets/Prefabs/Tile.prefab
  artifactKey: Guid(754d65e262c7d6c47b61d8f8cb260d63) Importer(815301076,1909f56bfc062723c751e8b465ee728b)
Start importing Assets/Prefabs/Tile.prefab using Guid(754d65e262c7d6c47b61d8f8cb260d63) Importer(815301076,1909f56bfc062723c751e8b465ee728b)  -> (artifact id: '104463957b60f9f30fdbf26057981509') in 0.090619 seconds 
  Import took 0.095770 seconds .

========================================================================
Received Import Request.
  Time since last request: 5.238360 seconds.
  path: Assets/Prefabs/Player.prefab
  artifactKey: Guid(828b54b9887557943ac0a0e355635f70) Importer(815301076,1909f56bfc062723c751e8b465ee728b)
Start importing Assets/Prefabs/Player.prefab using Guid(828b54b9887557943ac0a0e355635f70) Importer(815301076,1909f56bfc062723c751e8b465ee728b)  -> (artifact id: '22e93d0befe06501439d9409b9d6e791') in 0.011595 seconds 
  Import took 0.015360 seconds .

========================================================================
Received Import Request.
  Time since last request: 0.053594 seconds.
  path: Assets/Prefabs/Player.prefab
  artifactKey: Guid(828b54b9887557943ac0a0e355635f70) Importer(815301076,1909f56bfc062723c751e8b465ee728b)
Start importing Assets/Prefabs/Player.prefab using Guid(828b54b9887557943ac0a0e355635f70) Importer(815301076,1909f56bfc062723c751e8b465ee728b)  -> (artifact id: '22e93d0befe06501439d9409b9d6e791') in 0.006304 seconds 
  Import took 0.010480 seconds .

========================================================================
Received Import Request.
  Time since last request: 24.776396 seconds.
  path: Assets/Prefabs/Player.prefab
  artifactKey: Guid(828b54b9887557943ac0a0e355635f70) Importer(815301076,1909f56bfc062723c751e8b465ee728b)
Start importing Assets/Prefabs/Player.prefab using Guid(828b54b9887557943ac0a0e355635f70) Importer(815301076,1909f56bfc062723c751e8b465ee728b)  -> (artifact id: 'b0a8a921ecae5982b6fb83e3ac817de2') in 0.023351 seconds 
  Import took 0.028698 seconds .

========================================================================
Received Import Request.
  Time since last request: 5.192969 seconds.
  path: Assets/Prefabs/Player.prefab
  artifactKey: Guid(828b54b9887557943ac0a0e355635f70) Importer(815301076,1909f56bfc062723c751e8b465ee728b)
Start importing Assets/Prefabs/Player.prefab using Guid(828b54b9887557943ac0a0e355635f70) Importer(815301076,1909f56bfc062723c751e8b465ee728b)  -> (artifact id: 'e763b1a70b54e4ef65468a3dd912c747') in 0.010415 seconds 
  Import took 0.014604 seconds .

========================================================================
Received Import Request.
  Time since last request: 4.235345 seconds.
  path: Assets/Prefabs/Player.prefab
  artifactKey: Guid(828b54b9887557943ac0a0e355635f70) Importer(815301076,1909f56bfc062723c751e8b465ee728b)
Start importing Assets/Prefabs/Player.prefab using Guid(828b54b9887557943ac0a0e355635f70) Importer(815301076,1909f56bfc062723c751e8b465ee728b)  -> (artifact id: 'd7278106c1cd8ca2766283b8e9835276') in 0.010500 seconds 
  Import took 0.014186 seconds .

========================================================================
Received Import Request.
  Time since last request: 3.615334 seconds.
  path: Assets/Prefabs/Player.prefab
  artifactKey: Guid(828b54b9887557943ac0a0e355635f70) Importer(815301076,1909f56bfc062723c751e8b465ee728b)
Start importing Assets/Prefabs/Player.prefab using Guid(828b54b9887557943ac0a0e355635f70) Importer(815301076,1909f56bfc062723c751e8b465ee728b)  -> (artifact id: 'd83f11d18661eec1f4732c0bb241f874') in 0.010971 seconds 
  Import took 0.014641 seconds .

========================================================================
Received Import Request.
  Time since last request: 6.031583 seconds.
  path: Assets/Prefabs/Player.prefab
  artifactKey: Guid(828b54b9887557943ac0a0e355635f70) Importer(815301076,1909f56bfc062723c751e8b465ee728b)
Start importing Assets/Prefabs/Player.prefab using Guid(828b54b9887557943ac0a0e355635f70) Importer(815301076,1909f56bfc062723c751e8b465ee728b)  -> (artifact id: 'def9344237e679e5a1262484a22612d4') in 0.012573 seconds 
  Import took 0.016603 seconds .

========================================================================
Received Import Request.
  Time since last request: 2.823087 seconds.
  path: Assets/Prefabs/Player.prefab
  artifactKey: Guid(828b54b9887557943ac0a0e355635f70) Importer(815301076,1909f56bfc062723c751e8b465ee728b)
Start importing Assets/Prefabs/Player.prefab using Guid(828b54b9887557943ac0a0e355635f70) Importer(815301076,1909f56bfc062723c751e8b465ee728b)  -> (artifact id: 'd355a11a88106e19e1595fd86457083b') in 0.011178 seconds 
  Import took 0.015110 seconds .

========================================================================
Received Import Request.
  Time since last request: 20.767314 seconds.
  path: Assets/Prefabs/Player.prefab
  artifactKey: Guid(828b54b9887557943ac0a0e355635f70) Importer(815301076,1909f56bfc062723c751e8b465ee728b)
Start importing Assets/Prefabs/Player.prefab using Guid(828b54b9887557943ac0a0e355635f70) Importer(815301076,1909f56bfc062723c751e8b465ee728b)  -> (artifact id: '6e71214fe122b7dcd74ea43089c2ff16') in 0.011617 seconds 
  Import took 0.016007 seconds .

========================================================================
Received Import Request.
  Time since last request: 9.996335 seconds.
  path: Assets/Materials/MAT_Player.mat
  artifactKey: Guid(b3e55bcf80d64fa49bb6c090932130fd) Importer(815301076,1909f56bfc062723c751e8b465ee728b)
Start importing Assets/Materials/MAT_Player.mat using Guid(b3e55bcf80d64fa49bb6c090932130fd) Importer(815301076,1909f56bfc062723c751e8b465ee728b)  -> (artifact id: '4510883e9ba14b3021ee4d4a31cdd261') in 0.038815 seconds 
  Import took 0.042410 seconds .

========================================================================
Received Import Request.
  Time since last request: 22.032736 seconds.
  path: Assets/Materials/MAT_Enemy.mat
  artifactKey: Guid(adfea9bdfe583254893927c1c39c1e87) Importer(815301076,1909f56bfc062723c751e8b465ee728b)
Start importing Assets/Materials/MAT_Enemy.mat using Guid(adfea9bdfe583254893927c1c39c1e87) Importer(815301076,1909f56bfc062723c751e8b465ee728b)  -> (artifact id: '7b5d106ee88c15a6c18763c8bb2a3ecd') in 0.016593 seconds 
  Import took 0.020317 seconds .

========================================================================
Received Import Request.
  Time since last request: 19.700122 seconds.
  path: Assets/Prefabs/Player.prefab
  artifactKey: Guid(828b54b9887557943ac0a0e355635f70) Importer(815301076,1909f56bfc062723c751e8b465ee728b)
Start importing Assets/Prefabs/Player.prefab using Guid(828b54b9887557943ac0a0e355635f70) Importer(815301076,1909f56bfc062723c751e8b465ee728b)  -> (artifact id: 'c5f968dd4566c111f09751562d743f1e') in 0.011706 seconds 
  Import took 0.016889 seconds .

========================================================================
Received Import Request.
  Time since last request: 4.818878 seconds.
  path: Assets/Prefabs/Enemy.prefab
  artifactKey: Guid(406d75b96ee88424aa338a2b3288f336) Importer(815301076,1909f56bfc062723c751e8b465ee728b)
Start importing Assets/Prefabs/Enemy.prefab using Guid(406d75b96ee88424aa338a2b3288f336) Importer(815301076,1909f56bfc062723c751e8b465ee728b)  -> (artifact id: '2081474f036bb676fa30ff026fa060d1') in 0.011921 seconds 
  Import took 0.015925 seconds .

========================================================================
Received Import Request.
  Time since last request: 5.540381 seconds.
  path: Assets/Prefabs/Enemy.prefab
  artifactKey: Guid(406d75b96ee88424aa338a2b3288f336) Importer(815301076,1909f56bfc062723c751e8b465ee728b)
Start importing Assets/Prefabs/Enemy.prefab using Guid(406d75b96ee88424aa338a2b3288f336) Importer(815301076,1909f56bfc062723c751e8b465ee728b)  -> (artifact id: '891b802272a66be6153d1839eaedf696') in 0.015172 seconds 
  Import took 0.019028 seconds .

========================================================================
Received Import Request.
  Time since last request: 2.579258 seconds.
  path: Assets/Prefabs/Enemy.prefab
  artifactKey: Guid(406d75b96ee88424aa338a2b3288f336) Importer(815301076,1909f56bfc062723c751e8b465ee728b)
Start importing Assets/Prefabs/Enemy.prefab using Guid(406d75b96ee88424aa338a2b3288f336) Importer(815301076,1909f56bfc062723c751e8b465ee728b)  -> (artifact id: '7a1c02683d28580599cbbd951dfb9343') in 0.011197 seconds 
  Import took 0.015254 seconds .

========================================================================
Received Import Request.
  Time since last request: 5.983586 seconds.
  path: Assets/Prefabs/Enemy.prefab
  artifactKey: Guid(406d75b96ee88424aa338a2b3288f336) Importer(815301076,1909f56bfc062723c751e8b465ee728b)
Start importing Assets/Prefabs/Enemy.prefab using Guid(406d75b96ee88424aa338a2b3288f336) Importer(815301076,1909f56bfc062723c751e8b465ee728b)  -> (artifact id: 'b4d6e9faf6bf7d0d1bc89c5ece10661f') in 0.010418 seconds 
  Import took 0.013756 seconds .

========================================================================
Received Prepare
Registering precompiled user dll's ...
Registered in 0.006764 seconds.
Begin MonoManager ReloadAssembly
Native extension for WindowsStandalone target not found
Refreshing native plugins compatible for Editor in 0.55 ms, found 2 plugins.
Preloading 0 native plugins for Editor in 0.00 ms.
Mono: successfully reloaded assembly
- Completed reload, in  1.615 seconds
Domain Reload Profiling:
	ReloadAssembly (1616ms)
		BeginReloadAssembly (175ms)
			ExecutionOrderSort (0ms)
			DisableScriptedObjects (6ms)
			BackupInstance (0ms)
			ReleaseScriptingObjects (0ms)
			CreateAndSetChildDomain (45ms)
		EndReloadAssembly (1340ms)
			LoadAssemblies (148ms)
			RebuildTransferFunctionScriptingTraits (0ms)
			SetupTypeCache (414ms)
			ReleaseScriptCaches (1ms)
			RebuildScriptCaches (57ms)
			SetupLoadedEditorAssemblies (574ms)
				LogAssemblyErrors (0ms)
				InitializePlatformSupportModulesInManaged (8ms)
				SetLoadedEditorAssemblies (1ms)
				RefreshPlugins (1ms)
				BeforeProcessingInitializeOnLoad (118ms)
				ProcessInitializeOnLoadAttributes (429ms)
				ProcessInitializeOnLoadMethodAttributes (7ms)
				AfterProcessingInitializeOnLoad (11ms)
				EditorAssembliesLoaded (0ms)
			ExecutionOrderSort2 (0ms)
			AwakeInstancesAfterBackupRestoration (15ms)
Platform modules already initialized, skipping
Refreshing native plugins compatible for Editor in 0.42 ms, found 2 plugins.
Preloading 0 native plugins for Editor in 0.00 ms.
Unloading 1409 Unused Serialized files (Serialized files now loaded: 0)
System memory in use before: 69.2 MB.
System memory in use after: 69.3 MB.

Unloading 14 unused Assets to reduce memory usage. Loaded Objects now: 1901.
Total: 3.796900 ms (FindLiveObjects: 0.190900 ms CreateObjectMapping: 0.068900 ms MarkObjects: 3.510000 ms  DeleteObjects: 0.025900 ms)

AssetImportParameters requested are different than current active one (requested -> active):
  custom:framework-win-MediaFoundation: 216162199b28c13a410421893ffa2e32 -> 
  custom:video-decoder-ogg-theora: a1e56fd34408186e4bbccfd4996cb3dc -> 
  custom:container-muxer-webm: aa71ff27fc2769a1b78a27578f13a17b -> 
  custom:container-demuxer-webm: 4f35f7cbe854078d1ac9338744f61a02 -> 
  custom:container-demuxer-ogg: 62fdf1f143b41e24485cea50d1cbac27 -> 
  custom:video-encoder-webm-vp8: eb34c28f22e8b96e1ab97ce403110664 -> 
  custom:video-decoder-webm-vp8: 9c59270c3fd7afecdb556c50c9e8de78 -> 
  custom:audio-decoder-ogg-vorbis: bf7c407c2cedff20999df2af8eb42d56 -> 
  custom:audio-encoder-webm-vorbis: bf7c407c2cedff20999df2af8eb42d56 -> 
========================================================================
Received Import Request.
  Time since last request: 152.355414 seconds.
  path: Assets/Scripts/GameSystem/Views/EnemyView.cs
  artifactKey: Guid(c83866f883c13e742b87593c69dab9e7) Importer(815301076,1909f56bfc062723c751e8b465ee728b)
Start importing Assets/Scripts/GameSystem/Views/EnemyView.cs using Guid(c83866f883c13e742b87593c69dab9e7) Importer(815301076,1909f56bfc062723c751e8b465ee728b)  -> (artifact id: '041ceaf4d756bbb86ad14cf45a5cf533') in 0.012988 seconds 
  Import took 0.016845 seconds .

========================================================================
Received Prepare
Registering precompiled user dll's ...
Registered in 0.009045 seconds.
Begin MonoManager ReloadAssembly
Native extension for WindowsStandalone target not found
Refreshing native plugins compatible for Editor in 0.44 ms, found 2 plugins.
Preloading 0 native plugins for Editor in 0.00 ms.
Mono: successfully reloaded assembly
- Completed reload, in  1.686 seconds
Domain Reload Profiling:
	ReloadAssembly (1687ms)
		BeginReloadAssembly (187ms)
			ExecutionOrderSort (0ms)
			DisableScriptedObjects (11ms)
			BackupInstance (0ms)
			ReleaseScriptingObjects (0ms)
			CreateAndSetChildDomain (48ms)
		EndReloadAssembly (1385ms)
			LoadAssemblies (162ms)
			RebuildTransferFunctionScriptingTraits (0ms)
			SetupTypeCache (434ms)
			ReleaseScriptCaches (1ms)
			RebuildScriptCaches (60ms)
			SetupLoadedEditorAssemblies (587ms)
				LogAssemblyErrors (0ms)
				InitializePlatformSupportModulesInManaged (8ms)
				SetLoadedEditorAssemblies (1ms)
				RefreshPlugins (1ms)
				BeforeProcessingInitializeOnLoad (121ms)
				ProcessInitializeOnLoadAttributes (438ms)
				ProcessInitializeOnLoadMethodAttributes (6ms)
				AfterProcessingInitializeOnLoad (12ms)
				EditorAssembliesLoaded (0ms)
			ExecutionOrderSort2 (0ms)
			AwakeInstancesAfterBackupRestoration (11ms)
Platform modules already initialized, skipping
Refreshing native plugins compatible for Editor in 0.43 ms, found 2 plugins.
Preloading 0 native plugins for Editor in 0.00 ms.
Unloading 1410 Unused Serialized files (Serialized files now loaded: 0)
System memory in use before: 69.2 MB.
System memory in use after: 69.4 MB.

Unloading 13 unused Assets to reduce memory usage. Loaded Objects now: 1904.
Total: 4.114400 ms (FindLiveObjects: 0.220000 ms CreateObjectMapping: 0.079500 ms MarkObjects: 3.788300 ms  DeleteObjects: 0.024800 ms)

AssetImportParameters requested are different than current active one (requested -> active):
  custom:framework-win-MediaFoundation: 216162199b28c13a410421893ffa2e32 -> 
  custom:video-decoder-ogg-theora: a1e56fd34408186e4bbccfd4996cb3dc -> 
  custom:container-muxer-webm: aa71ff27fc2769a1b78a27578f13a17b -> 
  custom:container-demuxer-webm: 4f35f7cbe854078d1ac9338744f61a02 -> 
  custom:container-demuxer-ogg: 62fdf1f143b41e24485cea50d1cbac27 -> 
  custom:video-encoder-webm-vp8: eb34c28f22e8b96e1ab97ce403110664 -> 
  custom:video-decoder-webm-vp8: 9c59270c3fd7afecdb556c50c9e8de78 -> 
  custom:audio-decoder-ogg-vorbis: bf7c407c2cedff20999df2af8eb42d56 -> 
  custom:audio-encoder-webm-vorbis: bf7c407c2cedff20999df2af8eb42d56 -> 
========================================================================
Received Prepare
Registering precompiled user dll's ...
Registered in 0.006882 seconds.
Begin MonoManager ReloadAssembly
Native extension for WindowsStandalone target not found
Refreshing native plugins compatible for Editor in 0.46 ms, found 2 plugins.
Preloading 0 native plugins for Editor in 0.00 ms.
Mono: successfully reloaded assembly
- Completed reload, in  1.646 seconds
Domain Reload Profiling:
	ReloadAssembly (1647ms)
		BeginReloadAssembly (186ms)
			ExecutionOrderSort (0ms)
			DisableScriptedObjects (8ms)
			BackupInstance (0ms)
			ReleaseScriptingObjects (0ms)
			CreateAndSetChildDomain (46ms)
		EndReloadAssembly (1352ms)
			LoadAssemblies (163ms)
			RebuildTransferFunctionScriptingTraits (0ms)
			SetupTypeCache (436ms)
			ReleaseScriptCaches (1ms)
			RebuildScriptCaches (58ms)
			SetupLoadedEditorAssemblies (565ms)
				LogAssemblyErrors (0ms)
				InitializePlatformSupportModulesInManaged (8ms)
				SetLoadedEditorAssemblies (1ms)
				RefreshPlugins (1ms)
				BeforeProcessingInitializeOnLoad (117ms)
				ProcessInitializeOnLoadAttributes (421ms)
				ProcessInitializeOnLoadMethodAttributes (6ms)
				AfterProcessingInitializeOnLoad (11ms)
				EditorAssembliesLoaded (0ms)
			ExecutionOrderSort2 (0ms)
			AwakeInstancesAfterBackupRestoration (11ms)
Platform modules already initialized, skipping
Refreshing native plugins compatible for Editor in 0.43 ms, found 2 plugins.
Preloading 0 native plugins for Editor in 0.00 ms.
Unloading 1410 Unused Serialized files (Serialized files now loaded: 0)
System memory in use before: 69.3 MB.
System memory in use after: 69.4 MB.

Unloading 13 unused Assets to reduce memory usage. Loaded Objects now: 1906.
Total: 3.862900 ms (FindLiveObjects: 0.195500 ms CreateObjectMapping: 0.070700 ms MarkObjects: 3.574100 ms  DeleteObjects: 0.021100 ms)

AssetImportParameters requested are different than current active one (requested -> active):
  custom:framework-win-MediaFoundation: 216162199b28c13a410421893ffa2e32 -> 
  custom:video-decoder-ogg-theora: a1e56fd34408186e4bbccfd4996cb3dc -> 
  custom:container-muxer-webm: aa71ff27fc2769a1b78a27578f13a17b -> 
  custom:container-demuxer-webm: 4f35f7cbe854078d1ac9338744f61a02 -> 
  custom:container-demuxer-ogg: 62fdf1f143b41e24485cea50d1cbac27 -> 
  custom:video-encoder-webm-vp8: eb34c28f22e8b96e1ab97ce403110664 -> 
  custom:video-decoder-webm-vp8: 9c59270c3fd7afecdb556c50c9e8de78 -> 
  custom:audio-decoder-ogg-vorbis: bf7c407c2cedff20999df2af8eb42d56 -> 
  custom:audio-encoder-webm-vorbis: bf7c407c2cedff20999df2af8eb42d56 -> 
========================================================================
Received Prepare
Registering precompiled user dll's ...
Registered in 0.006817 seconds.
Begin MonoManager ReloadAssembly
Native extension for WindowsStandalone target not found
Refreshing native plugins compatible for Editor in 0.44 ms, found 2 plugins.
Preloading 0 native plugins for Editor in 0.00 ms.
Mono: successfully reloaded assembly
- Completed reload, in  1.634 seconds
Domain Reload Profiling:
	ReloadAssembly (1635ms)
		BeginReloadAssembly (170ms)
			ExecutionOrderSort (0ms)
			DisableScriptedObjects (8ms)
			BackupInstance (0ms)
			ReleaseScriptingObjects (0ms)
			CreateAndSetChildDomain (43ms)
		EndReloadAssembly (1365ms)
			LoadAssemblies (151ms)
			RebuildTransferFunctionScriptingTraits (0ms)
			SetupTypeCache (436ms)
			ReleaseScriptCaches (1ms)
			RebuildScriptCaches (58ms)
			SetupLoadedEditorAssemblies (567ms)
				LogAssemblyErrors (0ms)
				InitializePlatformSupportModulesInManaged (8ms)
				SetLoadedEditorAssemblies (1ms)
				RefreshPlugins (1ms)
				BeforeProcessingInitializeOnLoad (117ms)
				ProcessInitializeOnLoadAttributes (423ms)
				ProcessInitializeOnLoadMethodAttributes (6ms)
				AfterProcessingInitializeOnLoad (11ms)
				EditorAssembliesLoaded (0ms)
			ExecutionOrderSort2 (0ms)
			AwakeInstancesAfterBackupRestoration (11ms)
Platform modules already initialized, skipping
Refreshing native plugins compatible for Editor in 0.43 ms, found 2 plugins.
Preloading 0 native plugins for Editor in 0.00 ms.
Unloading 1410 Unused Serialized files (Serialized files now loaded: 0)
System memory in use before: 69.3 MB.
System memory in use after: 69.4 MB.

Unloading 13 unused Assets to reduce memory usage. Loaded Objects now: 1908.
Total: 3.881600 ms (FindLiveObjects: 0.186000 ms CreateObjectMapping: 0.068400 ms MarkObjects: 3.604300 ms  DeleteObjects: 0.021500 ms)

AssetImportParameters requested are different than current active one (requested -> active):
  custom:framework-win-MediaFoundation: 216162199b28c13a410421893ffa2e32 -> 
  custom:video-decoder-ogg-theora: a1e56fd34408186e4bbccfd4996cb3dc -> 
  custom:container-muxer-webm: aa71ff27fc2769a1b78a27578f13a17b -> 
  custom:container-demuxer-webm: 4f35f7cbe854078d1ac9338744f61a02 -> 
  custom:container-demuxer-ogg: 62fdf1f143b41e24485cea50d1cbac27 -> 
  custom:video-encoder-webm-vp8: eb34c28f22e8b96e1ab97ce403110664 -> 
  custom:video-decoder-webm-vp8: 9c59270c3fd7afecdb556c50c9e8de78 -> 
  custom:audio-decoder-ogg-vorbis: bf7c407c2cedff20999df2af8eb42d56 -> 
  custom:audio-encoder-webm-vorbis: bf7c407c2cedff20999df2af8eb42d56 -> 
========================================================================
Received Import Request.
  Time since last request: 1372.762589 seconds.
  path: Assets/Prefabs/Enemy.prefab
  artifactKey: Guid(406d75b96ee88424aa338a2b3288f336) Importer(815301076,1909f56bfc062723c751e8b465ee728b)
Start importing Assets/Prefabs/Enemy.prefab using Guid(406d75b96ee88424aa338a2b3288f336) Importer(815301076,1909f56bfc062723c751e8b465ee728b)  -> (artifact id: 'dafe4f01cece3e3a27215aab41eb0e46') in 0.094668 seconds 
  Import took 0.098726 seconds .

========================================================================
Received Import Request.
  Time since last request: 11.748747 seconds.
  path: Assets/Prefabs/Enemy.prefab
  artifactKey: Guid(406d75b96ee88424aa338a2b3288f336) Importer(815301076,1909f56bfc062723c751e8b465ee728b)
Start importing Assets/Prefabs/Enemy.prefab using Guid(406d75b96ee88424aa338a2b3288f336) Importer(815301076,1909f56bfc062723c751e8b465ee728b)  -> (artifact id: '28ce4220ec499d5d6e98e3a2856c4e81') in 0.012394 seconds 
  Import took 0.016030 seconds .

========================================================================
Received Import Request.
  Time since last request: 48.987007 seconds.
  path: Assets/Prefabs/Enemy.prefab
  artifactKey: Guid(406d75b96ee88424aa338a2b3288f336) Importer(815301076,1909f56bfc062723c751e8b465ee728b)
Start importing Assets/Prefabs/Enemy.prefab using Guid(406d75b96ee88424aa338a2b3288f336) Importer(815301076,1909f56bfc062723c751e8b465ee728b)  -> (artifact id: '4ec329d4a9706a8bbb59ed65df0d85df') in 0.015964 seconds 
  Import took 0.020075 seconds .

========================================================================
Received Import Request.
  Time since last request: 0.979128 seconds.
  path: Assets/Prefabs/Enemy.prefab
  artifactKey: Guid(406d75b96ee88424aa338a2b3288f336) Importer(815301076,1909f56bfc062723c751e8b465ee728b)
Start importing Assets/Prefabs/Enemy.prefab using Guid(406d75b96ee88424aa338a2b3288f336) Importer(815301076,1909f56bfc062723c751e8b465ee728b)  -> (artifact id: '74e2aac40f71eb3752f5053240858985') in 0.020352 seconds 
  Import took 0.023995 seconds .

========================================================================
Received Import Request.
  Time since last request: 1.584382 seconds.
  path: Assets/Prefabs/Enemy.prefab
  artifactKey: Guid(406d75b96ee88424aa338a2b3288f336) Importer(815301076,1909f56bfc062723c751e8b465ee728b)
Start importing Assets/Prefabs/Enemy.prefab using Guid(406d75b96ee88424aa338a2b3288f336) Importer(815301076,1909f56bfc062723c751e8b465ee728b)  -> (artifact id: '11552eea43f380095a06b9c9995098fe') in 0.016340 seconds 
  Import took 0.019706 seconds .

========================================================================
Received Import Request.
  Time since last request: 6.866426 seconds.
  path: Assets/Prefabs/Player.prefab
  artifactKey: Guid(828b54b9887557943ac0a0e355635f70) Importer(815301076,1909f56bfc062723c751e8b465ee728b)
Start importing Assets/Prefabs/Player.prefab using Guid(828b54b9887557943ac0a0e355635f70) Importer(815301076,1909f56bfc062723c751e8b465ee728b)  -> (artifact id: '9c6cf6ebe66c1f7064c38258d6137baf') in 0.017629 seconds 
  Import took 0.021954 seconds .

========================================================================
Received Import Request.
  Time since last request: 0.778073 seconds.
  path: Assets/Prefabs/Player.prefab
  artifactKey: Guid(828b54b9887557943ac0a0e355635f70) Importer(815301076,1909f56bfc062723c751e8b465ee728b)
Start importing Assets/Prefabs/Player.prefab using Guid(828b54b9887557943ac0a0e355635f70) Importer(815301076,1909f56bfc062723c751e8b465ee728b)  -> (artifact id: '874160a35062b672c3a02d81bd18bd11') in 0.016545 seconds 
  Import took 0.020787 seconds .

========================================================================
Received Import Request.
  Time since last request: 0.990832 seconds.
  path: Assets/Prefabs/Player.prefab
  artifactKey: Guid(828b54b9887557943ac0a0e355635f70) Importer(815301076,1909f56bfc062723c751e8b465ee728b)
Start importing Assets/Prefabs/Player.prefab using Guid(828b54b9887557943ac0a0e355635f70) Importer(815301076,1909f56bfc062723c751e8b465ee728b)  -> (artifact id: 'a688ba36de473ab4d19025b6a31b5258') in 0.011998 seconds 
  Import took 0.015697 seconds .

========================================================================
Received Prepare
Registering precompiled user dll's ...
Registered in 0.007216 seconds.
Begin MonoManager ReloadAssembly
Native extension for WindowsStandalone target not found
Refreshing native plugins compatible for Editor in 0.44 ms, found 2 plugins.
Preloading 0 native plugins for Editor in 0.00 ms.
Mono: successfully reloaded assembly
- Completed reload, in  1.757 seconds
Domain Reload Profiling:
	ReloadAssembly (1758ms)
		BeginReloadAssembly (187ms)
			ExecutionOrderSort (0ms)
			DisableScriptedObjects (10ms)
			BackupInstance (0ms)
			ReleaseScriptingObjects (0ms)
			CreateAndSetChildDomain (48ms)
		EndReloadAssembly (1458ms)
			LoadAssemblies (160ms)
			RebuildTransferFunctionScriptingTraits (0ms)
			SetupTypeCache (459ms)
			ReleaseScriptCaches (1ms)
			RebuildScriptCaches (62ms)
			SetupLoadedEditorAssemblies (610ms)
				LogAssemblyErrors (0ms)
				InitializePlatformSupportModulesInManaged (9ms)
				SetLoadedEditorAssemblies (1ms)
				RefreshPlugins (1ms)
				BeforeProcessingInitializeOnLoad (126ms)
				ProcessInitializeOnLoadAttributes (454ms)
				ProcessInitializeOnLoadMethodAttributes (7ms)
				AfterProcessingInitializeOnLoad (13ms)
				EditorAssembliesLoaded (0ms)
			ExecutionOrderSort2 (0ms)
			AwakeInstancesAfterBackupRestoration (13ms)
Platform modules already initialized, skipping
Refreshing native plugins compatible for Editor in 0.44 ms, found 2 plugins.
Preloading 0 native plugins for Editor in 0.00 ms.
Unloading 1410 Unused Serialized files (Serialized files now loaded: 0)
System memory in use before: 69.3 MB.
System memory in use after: 69.4 MB.

Unloading 13 unused Assets to reduce memory usage. Loaded Objects now: 1911.
Total: 4.380800 ms (FindLiveObjects: 0.217800 ms CreateObjectMapping: 0.083200 ms MarkObjects: 4.051400 ms  DeleteObjects: 0.026500 ms)

AssetImportParameters requested are different than current active one (requested -> active):
  custom:framework-win-MediaFoundation: 216162199b28c13a410421893ffa2e32 -> 
  custom:video-decoder-ogg-theora: a1e56fd34408186e4bbccfd4996cb3dc -> 
  custom:container-muxer-webm: aa71ff27fc2769a1b78a27578f13a17b -> 
  custom:container-demuxer-webm: 4f35f7cbe854078d1ac9338744f61a02 -> 
  custom:container-demuxer-ogg: 62fdf1f143b41e24485cea50d1cbac27 -> 
  custom:video-encoder-webm-vp8: eb34c28f22e8b96e1ab97ce403110664 -> 
  custom:video-decoder-webm-vp8: 9c59270c3fd7afecdb556c50c9e8de78 -> 
  custom:audio-decoder-ogg-vorbis: bf7c407c2cedff20999df2af8eb42d56 -> 
  custom:audio-encoder-webm-vorbis: bf7c407c2cedff20999df2af8eb42d56 -> 
========================================================================
Received Prepare
Registering precompiled user dll's ...
Registered in 0.007314 seconds.
Begin MonoManager ReloadAssembly
Native extension for WindowsStandalone target not found
Refreshing native plugins compatible for Editor in 0.43 ms, found 2 plugins.
Preloading 0 native plugins for Editor in 0.00 ms.
Mono: successfully reloaded assembly
- Completed reload, in  1.626 seconds
Domain Reload Profiling:
	ReloadAssembly (1627ms)
		BeginReloadAssembly (182ms)
			ExecutionOrderSort (0ms)
			DisableScriptedObjects (7ms)
			BackupInstance (0ms)
			ReleaseScriptingObjects (0ms)
			CreateAndSetChildDomain (44ms)
		EndReloadAssembly (1343ms)
			LoadAssemblies (155ms)
			RebuildTransferFunctionScriptingTraits (0ms)
			SetupTypeCache (416ms)
			ReleaseScriptCaches (1ms)
			RebuildScriptCaches (58ms)
			SetupLoadedEditorAssemblies (578ms)
				LogAssemblyErrors (0ms)
				InitializePlatformSupportModulesInManaged (8ms)
				SetLoadedEditorAssemblies (1ms)
				RefreshPlugins (1ms)
				BeforeProcessingInitializeOnLoad (118ms)
				ProcessInitializeOnLoadAttributes (431ms)
				ProcessInitializeOnLoadMethodAttributes (7ms)
				AfterProcessingInitializeOnLoad (13ms)
				EditorAssembliesLoaded (0ms)
			ExecutionOrderSort2 (0ms)
			AwakeInstancesAfterBackupRestoration (11ms)
Platform modules already initialized, skipping
Refreshing native plugins compatible for Editor in 0.43 ms, found 2 plugins.
Preloading 0 native plugins for Editor in 0.00 ms.
Unloading 1410 Unused Serialized files (Serialized files now loaded: 0)
System memory in use before: 69.3 MB.
System memory in use after: 69.4 MB.

Unloading 13 unused Assets to reduce memory usage. Loaded Objects now: 1913.
Total: 3.886900 ms (FindLiveObjects: 0.189400 ms CreateObjectMapping: 0.065800 ms MarkObjects: 3.608500 ms  DeleteObjects: 0.021800 ms)

AssetImportParameters requested are different than current active one (requested -> active):
  custom:framework-win-MediaFoundation: 216162199b28c13a410421893ffa2e32 -> 
  custom:video-decoder-ogg-theora: a1e56fd34408186e4bbccfd4996cb3dc -> 
  custom:container-muxer-webm: aa71ff27fc2769a1b78a27578f13a17b -> 
  custom:container-demuxer-webm: 4f35f7cbe854078d1ac9338744f61a02 -> 
  custom:container-demuxer-ogg: 62fdf1f143b41e24485cea50d1cbac27 -> 
  custom:video-encoder-webm-vp8: eb34c28f22e8b96e1ab97ce403110664 -> 
  custom:video-decoder-webm-vp8: 9c59270c3fd7afecdb556c50c9e8de78 -> 
  custom:audio-decoder-ogg-vorbis: bf7c407c2cedff20999df2af8eb42d56 -> 
  custom:audio-encoder-webm-vorbis: bf7c407c2cedff20999df2af8eb42d56 -> 
========================================================================
Received Prepare
Registering precompiled user dll's ...
Registered in 0.009538 seconds.
Begin MonoManager ReloadAssembly
Native extension for WindowsStandalone target not found
Refreshing native plugins compatible for Editor in 0.43 ms, found 2 plugins.
Preloading 0 native plugins for Editor in 0.00 ms.
Mono: successfully reloaded assembly
- Completed reload, in  1.714 seconds
Domain Reload Profiling:
	ReloadAssembly (1715ms)
		BeginReloadAssembly (173ms)
			ExecutionOrderSort (0ms)
			DisableScriptedObjects (7ms)
			BackupInstance (0ms)
			ReleaseScriptingObjects (0ms)
			CreateAndSetChildDomain (45ms)
		EndReloadAssembly (1431ms)
			LoadAssemblies (147ms)
			RebuildTransferFunctionScriptingTraits (0ms)
			SetupTypeCache (465ms)
			ReleaseScriptCaches (1ms)
			RebuildScriptCaches (64ms)
			SetupLoadedEditorAssemblies (602ms)
				LogAssemblyErrors (0ms)
				InitializePlatformSupportModulesInManaged (8ms)
				SetLoadedEditorAssemblies (1ms)
				RefreshPlugins (1ms)
				BeforeProcessingInitializeOnLoad (121ms)
				ProcessInitializeOnLoadAttributes (450ms)
				ProcessInitializeOnLoadMethodAttributes (10ms)
				AfterProcessingInitializeOnLoad (11ms)
				EditorAssembliesLoaded (0ms)
			ExecutionOrderSort2 (0ms)
			AwakeInstancesAfterBackupRestoration (11ms)
Platform modules already initialized, skipping
Refreshing native plugins compatible for Editor in 0.58 ms, found 2 plugins.
Preloading 0 native plugins for Editor in 0.00 ms.
Unloading 1410 Unused Serialized files (Serialized files now loaded: 0)
System memory in use before: 69.3 MB.
System memory in use after: 69.4 MB.

Unloading 13 unused Assets to reduce memory usage. Loaded Objects now: 1915.
Total: 3.930500 ms (FindLiveObjects: 0.195000 ms CreateObjectMapping: 0.070200 ms MarkObjects: 3.635700 ms  DeleteObjects: 0.028100 ms)

AssetImportParameters requested are different than current active one (requested -> active):
  custom:framework-win-MediaFoundation: 216162199b28c13a410421893ffa2e32 -> 
  custom:video-decoder-ogg-theora: a1e56fd34408186e4bbccfd4996cb3dc -> 
  custom:container-muxer-webm: aa71ff27fc2769a1b78a27578f13a17b -> 
  custom:container-demuxer-webm: 4f35f7cbe854078d1ac9338744f61a02 -> 
  custom:container-demuxer-ogg: 62fdf1f143b41e24485cea50d1cbac27 -> 
  custom:video-encoder-webm-vp8: eb34c28f22e8b96e1ab97ce403110664 -> 
  custom:video-decoder-webm-vp8: 9c59270c3fd7afecdb556c50c9e8de78 -> 
  custom:audio-decoder-ogg-vorbis: bf7c407c2cedff20999df2af8eb42d56 -> 
  custom:audio-encoder-webm-vorbis: bf7c407c2cedff20999df2af8eb42d56 -> 
========================================================================
Received Prepare
Registering precompiled user dll's ...
Registered in 0.007220 seconds.
Begin MonoManager ReloadAssembly
Native extension for WindowsStandalone target not found
Refreshing native plugins compatible for Editor in 0.71 ms, found 2 plugins.
Preloading 0 native plugins for Editor in 0.00 ms.
Mono: successfully reloaded assembly
- Completed reload, in  1.708 seconds
Domain Reload Profiling:
	ReloadAssembly (1709ms)
		BeginReloadAssembly (177ms)
			ExecutionOrderSort (0ms)
			DisableScriptedObjects (7ms)
			BackupInstance (0ms)
			ReleaseScriptingObjects (0ms)
			CreateAndSetChildDomain (46ms)
		EndReloadAssembly (1419ms)
			LoadAssemblies (153ms)
			RebuildTransferFunctionScriptingTraits (0ms)
			SetupTypeCache (429ms)
			ReleaseScriptCaches (1ms)
			RebuildScriptCaches (65ms)
			SetupLoadedEditorAssemblies (609ms)
				LogAssemblyErrors (0ms)
				InitializePlatformSupportModulesInManaged (8ms)
				SetLoadedEditorAssemblies (1ms)
				RefreshPlugins (1ms)
				BeforeProcessingInitializeOnLoad (129ms)
				ProcessInitializeOnLoadAttributes (447ms)
				ProcessInitializeOnLoadMethodAttributes (9ms)
				AfterProcessingInitializeOnLoad (14ms)
				EditorAssembliesLoaded (0ms)
			ExecutionOrderSort2 (0ms)
			AwakeInstancesAfterBackupRestoration (11ms)
Platform modules already initialized, skipping
Refreshing native plugins compatible for Editor in 0.43 ms, found 2 plugins.
Preloading 0 native plugins for Editor in 0.00 ms.
Unloading 1410 Unused Serialized files (Serialized files now loaded: 0)
System memory in use before: 69.3 MB.
System memory in use after: 69.4 MB.

Unloading 13 unused Assets to reduce memory usage. Loaded Objects now: 1917.
Total: 4.051900 ms (FindLiveObjects: 0.209300 ms CreateObjectMapping: 0.073000 ms MarkObjects: 3.748100 ms  DeleteObjects: 0.020100 ms)

AssetImportParameters requested are different than current active one (requested -> active):
  custom:framework-win-MediaFoundation: 216162199b28c13a410421893ffa2e32 -> 
  custom:video-decoder-ogg-theora: a1e56fd34408186e4bbccfd4996cb3dc -> 
  custom:container-muxer-webm: aa71ff27fc2769a1b78a27578f13a17b -> 
  custom:container-demuxer-webm: 4f35f7cbe854078d1ac9338744f61a02 -> 
  custom:container-demuxer-ogg: 62fdf1f143b41e24485cea50d1cbac27 -> 
  custom:video-encoder-webm-vp8: eb34c28f22e8b96e1ab97ce403110664 -> 
  custom:video-decoder-webm-vp8: 9c59270c3fd7afecdb556c50c9e8de78 -> 
  custom:audio-decoder-ogg-vorbis: bf7c407c2cedff20999df2af8eb42d56 -> 
  custom:audio-encoder-webm-vorbis: bf7c407c2cedff20999df2af8eb42d56 -> 
========================================================================
Received Prepare
Registering precompiled user dll's ...
Registered in 0.006882 seconds.
Begin MonoManager ReloadAssembly
Native extension for WindowsStandalone target not found
Refreshing native plugins compatible for Editor in 0.43 ms, found 2 plugins.
Preloading 0 native plugins for Editor in 0.00 ms.
Mono: successfully reloaded assembly
- Completed reload, in  1.675 seconds
Domain Reload Profiling:
	ReloadAssembly (1675ms)
		BeginReloadAssembly (173ms)
			ExecutionOrderSort (0ms)
			DisableScriptedObjects (7ms)
			BackupInstance (0ms)
			ReleaseScriptingObjects (0ms)
			CreateAndSetChildDomain (42ms)
		EndReloadAssembly (1396ms)
			LoadAssemblies (153ms)
			RebuildTransferFunctionScriptingTraits (0ms)
			SetupTypeCache (418ms)
			ReleaseScriptCaches (1ms)
			RebuildScriptCaches (61ms)
			SetupLoadedEditorAssemblies (600ms)
				LogAssemblyErrors (0ms)
				InitializePlatformSupportModulesInManaged (9ms)
				SetLoadedEditorAssemblies (1ms)
				RefreshPlugins (1ms)
				BeforeProcessingInitializeOnLoad (127ms)
				ProcessInitializeOnLoadAttributes (446ms)
				ProcessInitializeOnLoadMethodAttributes (6ms)
				AfterProcessingInitializeOnLoad (10ms)
				EditorAssembliesLoaded (0ms)
			ExecutionOrderSort2 (0ms)
			AwakeInstancesAfterBackupRestoration (12ms)
Platform modules already initialized, skipping
Refreshing native plugins compatible for Editor in 0.43 ms, found 2 plugins.
Preloading 0 native plugins for Editor in 0.00 ms.
Unloading 1410 Unused Serialized files (Serialized files now loaded: 0)
System memory in use before: 69.3 MB.
System memory in use after: 69.4 MB.

Unloading 13 unused Assets to reduce memory usage. Loaded Objects now: 1919.
Total: 3.846300 ms (FindLiveObjects: 0.206100 ms CreateObjectMapping: 0.070400 ms MarkObjects: 3.546600 ms  DeleteObjects: 0.021600 ms)

AssetImportParameters requested are different than current active one (requested -> active):
  custom:framework-win-MediaFoundation: 216162199b28c13a410421893ffa2e32 -> 
  custom:video-decoder-ogg-theora: a1e56fd34408186e4bbccfd4996cb3dc -> 
  custom:container-muxer-webm: aa71ff27fc2769a1b78a27578f13a17b -> 
  custom:container-demuxer-webm: 4f35f7cbe854078d1ac9338744f61a02 -> 
  custom:container-demuxer-ogg: 62fdf1f143b41e24485cea50d1cbac27 -> 
  custom:video-encoder-webm-vp8: eb34c28f22e8b96e1ab97ce403110664 -> 
  custom:video-decoder-webm-vp8: 9c59270c3fd7afecdb556c50c9e8de78 -> 
  custom:audio-decoder-ogg-vorbis: bf7c407c2cedff20999df2af8eb42d56 -> 
  custom:audio-encoder-webm-vorbis: bf7c407c2cedff20999df2af8eb42d56 -> 
========================================================================
Received Prepare
Registering precompiled user dll's ...
Registered in 0.006987 seconds.
Begin MonoManager ReloadAssembly
Native extension for WindowsStandalone target not found
Refreshing native plugins compatible for Editor in 0.43 ms, found 2 plugins.
Preloading 0 native plugins for Editor in 0.00 ms.
Mono: successfully reloaded assembly
- Completed reload, in  1.674 seconds
Domain Reload Profiling:
	ReloadAssembly (1675ms)
		BeginReloadAssembly (171ms)
			ExecutionOrderSort (0ms)
			DisableScriptedObjects (7ms)
			BackupInstance (0ms)
			ReleaseScriptingObjects (0ms)
			CreateAndSetChildDomain (43ms)
		EndReloadAssembly (1394ms)
			LoadAssemblies (150ms)
			RebuildTransferFunctionScriptingTraits (0ms)
			SetupTypeCache (437ms)
			ReleaseScriptCaches (2ms)
			RebuildScriptCaches (58ms)
			SetupLoadedEditorAssemblies (594ms)
				LogAssemblyErrors (0ms)
				InitializePlatformSupportModulesInManaged (8ms)
				SetLoadedEditorAssemblies (1ms)
				RefreshPlugins (1ms)
				BeforeProcessingInitializeOnLoad (118ms)
				ProcessInitializeOnLoadAttributes (447ms)
				ProcessInitializeOnLoadMethodAttributes (6ms)
				AfterProcessingInitializeOnLoad (13ms)
				EditorAssembliesLoaded (0ms)
			ExecutionOrderSort2 (0ms)
			AwakeInstancesAfterBackupRestoration (11ms)
Platform modules already initialized, skipping
Refreshing native plugins compatible for Editor in 0.47 ms, found 2 plugins.
Preloading 0 native plugins for Editor in 0.00 ms.
Unloading 1410 Unused Serialized files (Serialized files now loaded: 0)
System memory in use before: 69.3 MB.
System memory in use after: 69.4 MB.

Unloading 13 unused Assets to reduce memory usage. Loaded Objects now: 1921.
Total: 3.856800 ms (FindLiveObjects: 0.185200 ms CreateObjectMapping: 0.066400 ms MarkObjects: 3.584100 ms  DeleteObjects: 0.019600 ms)

AssetImportParameters requested are different than current active one (requested -> active):
  custom:framework-win-MediaFoundation: 216162199b28c13a410421893ffa2e32 -> 
  custom:video-decoder-ogg-theora: a1e56fd34408186e4bbccfd4996cb3dc -> 
  custom:container-muxer-webm: aa71ff27fc2769a1b78a27578f13a17b -> 
  custom:container-demuxer-webm: 4f35f7cbe854078d1ac9338744f61a02 -> 
  custom:container-demuxer-ogg: 62fdf1f143b41e24485cea50d1cbac27 -> 
  custom:video-encoder-webm-vp8: eb34c28f22e8b96e1ab97ce403110664 -> 
  custom:video-decoder-webm-vp8: 9c59270c3fd7afecdb556c50c9e8de78 -> 
  custom:audio-decoder-ogg-vorbis: bf7c407c2cedff20999df2af8eb42d56 -> 
  custom:audio-encoder-webm-vorbis: bf7c407c2cedff20999df2af8eb42d56 -> 
========================================================================
Received Prepare
Registering precompiled user dll's ...
Registered in 0.006971 seconds.
Begin MonoManager ReloadAssembly
Native extension for WindowsStandalone target not found
Refreshing native plugins compatible for Editor in 0.43 ms, found 2 plugins.
Preloading 0 native plugins for Editor in 0.00 ms.
Mono: successfully reloaded assembly
- Completed reload, in  1.687 seconds
Domain Reload Profiling:
	ReloadAssembly (1687ms)
		BeginReloadAssembly (175ms)
			ExecutionOrderSort (0ms)
			DisableScriptedObjects (7ms)
			BackupInstance (0ms)
			ReleaseScriptingObjects (0ms)
			CreateAndSetChildDomain (51ms)
		EndReloadAssembly (1394ms)
			LoadAssemblies (146ms)
			RebuildTransferFunctionScriptingTraits (0ms)
			SetupTypeCache (420ms)
			ReleaseScriptCaches (1ms)
			RebuildScriptCaches (58ms)
			SetupLoadedEditorAssemblies (609ms)
				LogAssemblyErrors (0ms)
				InitializePlatformSupportModulesInManaged (11ms)
				SetLoadedEditorAssemblies (1ms)
				RefreshPlugins (1ms)
				BeforeProcessingInitializeOnLoad (120ms)
				ProcessInitializeOnLoadAttributes (459ms)
				ProcessInitializeOnLoadMethodAttributes (7ms)
				AfterProcessingInitializeOnLoad (11ms)
				EditorAssembliesLoaded (0ms)
			ExecutionOrderSort2 (0ms)
			AwakeInstancesAfterBackupRestoration (11ms)
Platform modules already initialized, skipping
Refreshing native plugins compatible for Editor in 0.41 ms, found 2 plugins.
Preloading 0 native plugins for Editor in 0.00 ms.
Unloading 1410 Unused Serialized files (Serialized files now loaded: 0)
System memory in use before: 69.3 MB.
System memory in use after: 69.4 MB.

Unloading 13 unused Assets to reduce memory usage. Loaded Objects now: 1923.
Total: 3.931400 ms (FindLiveObjects: 0.192200 ms CreateObjectMapping: 0.066700 ms MarkObjects: 3.648600 ms  DeleteObjects: 0.022500 ms)

AssetImportParameters requested are different than current active one (requested -> active):
  custom:framework-win-MediaFoundation: 216162199b28c13a410421893ffa2e32 -> 
  custom:video-decoder-ogg-theora: a1e56fd34408186e4bbccfd4996cb3dc -> 
  custom:container-muxer-webm: aa71ff27fc2769a1b78a27578f13a17b -> 
  custom:container-demuxer-webm: 4f35f7cbe854078d1ac9338744f61a02 -> 
  custom:container-demuxer-ogg: 62fdf1f143b41e24485cea50d1cbac27 -> 
  custom:video-encoder-webm-vp8: eb34c28f22e8b96e1ab97ce403110664 -> 
  custom:video-decoder-webm-vp8: 9c59270c3fd7afecdb556c50c9e8de78 -> 
  custom:audio-decoder-ogg-vorbis: bf7c407c2cedff20999df2af8eb42d56 -> 
  custom:audio-encoder-webm-vorbis: bf7c407c2cedff20999df2af8eb42d56 -> 
========================================================================
Received Prepare
Registering precompiled user dll's ...
Registered in 0.007283 seconds.
Begin MonoManager ReloadAssembly
Native extension for WindowsStandalone target not found
Refreshing native plugins compatible for Editor in 0.43 ms, found 2 plugins.
Preloading 0 native plugins for Editor in 0.00 ms.
Mono: successfully reloaded assembly
- Completed reload, in  1.669 seconds
Domain Reload Profiling:
	ReloadAssembly (1670ms)
		BeginReloadAssembly (176ms)
			ExecutionOrderSort (0ms)
			DisableScriptedObjects (9ms)
			BackupInstance (0ms)
			ReleaseScriptingObjects (0ms)
			CreateAndSetChildDomain (49ms)
		EndReloadAssembly (1390ms)
			LoadAssemblies (153ms)
			RebuildTransferFunctionScriptingTraits (0ms)
			SetupTypeCache (438ms)
			ReleaseScriptCaches (1ms)
			RebuildScriptCaches (61ms)
			SetupLoadedEditorAssemblies (592ms)
				LogAssemblyErrors (0ms)
				InitializePlatformSupportModulesInManaged (8ms)
				SetLoadedEditorAssemblies (1ms)
				RefreshPlugins (1ms)
				BeforeProcessingInitializeOnLoad (117ms)
				ProcessInitializeOnLoadAttributes (446ms)
				ProcessInitializeOnLoadMethodAttributes (7ms)
				AfterProcessingInitializeOnLoad (12ms)
				EditorAssembliesLoaded (0ms)
			ExecutionOrderSort2 (0ms)
			AwakeInstancesAfterBackupRestoration (11ms)
Platform modules already initialized, skipping
Refreshing native plugins compatible for Editor in 0.43 ms, found 2 plugins.
Preloading 0 native plugins for Editor in 0.00 ms.
Unloading 1410 Unused Serialized files (Serialized files now loaded: 0)
System memory in use before: 69.3 MB.
System memory in use after: 69.4 MB.

Unloading 13 unused Assets to reduce memory usage. Loaded Objects now: 1925.
Total: 3.907400 ms (FindLiveObjects: 0.195300 ms CreateObjectMapping: 0.070800 ms MarkObjects: 3.618000 ms  DeleteObjects: 0.021100 ms)

AssetImportParameters requested are different than current active one (requested -> active):
  custom:framework-win-MediaFoundation: 216162199b28c13a410421893ffa2e32 -> 
  custom:video-decoder-ogg-theora: a1e56fd34408186e4bbccfd4996cb3dc -> 
  custom:container-muxer-webm: aa71ff27fc2769a1b78a27578f13a17b -> 
  custom:container-demuxer-webm: 4f35f7cbe854078d1ac9338744f61a02 -> 
  custom:container-demuxer-ogg: 62fdf1f143b41e24485cea50d1cbac27 -> 
  custom:video-encoder-webm-vp8: eb34c28f22e8b96e1ab97ce403110664 -> 
  custom:video-decoder-webm-vp8: 9c59270c3fd7afecdb556c50c9e8de78 -> 
  custom:audio-decoder-ogg-vorbis: bf7c407c2cedff20999df2af8eb42d56 -> 
  custom:audio-encoder-webm-vorbis: bf7c407c2cedff20999df2af8eb42d56 -> 
========================================================================
Received Prepare
Registering precompiled user dll's ...
Registered in 0.008018 seconds.
Begin MonoManager ReloadAssembly
Native extension for WindowsStandalone target not found
Refreshing native plugins compatible for Editor in 0.44 ms, found 2 plugins.
Preloading 0 native plugins for Editor in 0.00 ms.
Mono: successfully reloaded assembly
- Completed reload, in  1.681 seconds
Domain Reload Profiling:
	ReloadAssembly (1682ms)
		BeginReloadAssembly (168ms)
			ExecutionOrderSort (0ms)
			DisableScriptedObjects (8ms)
			BackupInstance (0ms)
			ReleaseScriptingObjects (0ms)
			CreateAndSetChildDomain (45ms)
		EndReloadAssembly (1412ms)
			LoadAssemblies (148ms)
			RebuildTransferFunctionScriptingTraits (0ms)
			SetupTypeCache (442ms)
			ReleaseScriptCaches (1ms)
			RebuildScriptCaches (64ms)
			SetupLoadedEditorAssemblies (602ms)
				LogAssemblyErrors (0ms)
				InitializePlatformSupportModulesInManaged (8ms)
				SetLoadedEditorAssemblies (1ms)
				RefreshPlugins (1ms)
				BeforeProcessingInitializeOnLoad (127ms)
				ProcessInitializeOnLoadAttributes (447ms)
				ProcessInitializeOnLoadMethodAttributes (7ms)
				AfterProcessingInitializeOnLoad (11ms)
				EditorAssembliesLoaded (0ms)
			ExecutionOrderSort2 (0ms)
			AwakeInstancesAfterBackupRestoration (11ms)
Platform modules already initialized, skipping
Refreshing native plugins compatible for Editor in 0.43 ms, found 2 plugins.
Preloading 0 native plugins for Editor in 0.00 ms.
Unloading 1410 Unused Serialized files (Serialized files now loaded: 0)
System memory in use before: 69.3 MB.
System memory in use after: 69.4 MB.

Unloading 13 unused Assets to reduce memory usage. Loaded Objects now: 1927.
Total: 3.972700 ms (FindLiveObjects: 0.203700 ms CreateObjectMapping: 0.070200 ms MarkObjects: 3.674300 ms  DeleteObjects: 0.023100 ms)

AssetImportParameters requested are different than current active one (requested -> active):
  custom:framework-win-MediaFoundation: 216162199b28c13a410421893ffa2e32 -> 
  custom:video-decoder-ogg-theora: a1e56fd34408186e4bbccfd4996cb3dc -> 
  custom:container-muxer-webm: aa71ff27fc2769a1b78a27578f13a17b -> 
  custom:container-demuxer-webm: 4f35f7cbe854078d1ac9338744f61a02 -> 
  custom:container-demuxer-ogg: 62fdf1f143b41e24485cea50d1cbac27 -> 
  custom:video-encoder-webm-vp8: eb34c28f22e8b96e1ab97ce403110664 -> 
  custom:video-decoder-webm-vp8: 9c59270c3fd7afecdb556c50c9e8de78 -> 
  custom:audio-decoder-ogg-vorbis: bf7c407c2cedff20999df2af8eb42d56 -> 
  custom:audio-encoder-webm-vorbis: bf7c407c2cedff20999df2af8eb42d56 -> 
========================================================================
Received Prepare
Registering precompiled user dll's ...
Registered in 0.008251 seconds.
Begin MonoManager ReloadAssembly
Native extension for WindowsStandalone target not found
Refreshing native plugins compatible for Editor in 0.70 ms, found 2 plugins.
Preloading 0 native plugins for Editor in 0.00 ms.
Mono: successfully reloaded assembly
- Completed reload, in  1.667 seconds
Domain Reload Profiling:
	ReloadAssembly (1668ms)
		BeginReloadAssembly (163ms)
			ExecutionOrderSort (0ms)
			DisableScriptedObjects (7ms)
			BackupInstance (0ms)
			ReleaseScriptingObjects (0ms)
			CreateAndSetChildDomain (42ms)
		EndReloadAssembly (1390ms)
			LoadAssemblies (149ms)
			RebuildTransferFunctionScriptingTraits (0ms)
			SetupTypeCache (424ms)
			ReleaseScriptCaches (1ms)
			RebuildScriptCaches (58ms)
			SetupLoadedEditorAssemblies (601ms)
				LogAssemblyErrors (0ms)
				InitializePlatformSupportModulesInManaged (10ms)
				SetLoadedEditorAssemblies (1ms)
				RefreshPlugins (1ms)
				BeforeProcessingInitializeOnLoad (120ms)
				ProcessInitializeOnLoadAttributes (449ms)
				ProcessInitializeOnLoadMethodAttributes (7ms)
				AfterProcessingInitializeOnLoad (12ms)
				EditorAssembliesLoaded (0ms)
			ExecutionOrderSort2 (0ms)
			AwakeInstancesAfterBackupRestoration (11ms)
Platform modules already initialized, skipping
Refreshing native plugins compatible for Editor in 0.43 ms, found 2 plugins.
Preloading 0 native plugins for Editor in 0.00 ms.
Unloading 1410 Unused Serialized files (Serialized files now loaded: 0)
System memory in use before: 69.3 MB.
System memory in use after: 69.4 MB.

Unloading 13 unused Assets to reduce memory usage. Loaded Objects now: 1929.
Total: 3.969700 ms (FindLiveObjects: 0.188600 ms CreateObjectMapping: 0.068000 ms MarkObjects: 3.688700 ms  DeleteObjects: 0.022800 ms)

AssetImportParameters requested are different than current active one (requested -> active):
  custom:framework-win-MediaFoundation: 216162199b28c13a410421893ffa2e32 -> 
  custom:video-decoder-ogg-theora: a1e56fd34408186e4bbccfd4996cb3dc -> 
  custom:container-muxer-webm: aa71ff27fc2769a1b78a27578f13a17b -> 
  custom:container-demuxer-webm: 4f35f7cbe854078d1ac9338744f61a02 -> 
  custom:container-demuxer-ogg: 62fdf1f143b41e24485cea50d1cbac27 -> 
  custom:video-encoder-webm-vp8: eb34c28f22e8b96e1ab97ce403110664 -> 
  custom:video-decoder-webm-vp8: 9c59270c3fd7afecdb556c50c9e8de78 -> 
  custom:audio-decoder-ogg-vorbis: bf7c407c2cedff20999df2af8eb42d56 -> 
  custom:audio-encoder-webm-vorbis: bf7c407c2cedff20999df2af8eb42d56 -> 
========================================================================
Received Prepare
Registering precompiled user dll's ...
Registered in 0.007756 seconds.
Begin MonoManager ReloadAssembly
Native extension for WindowsStandalone target not found
Refreshing native plugins compatible for Editor in 0.43 ms, found 2 plugins.
Preloading 0 native plugins for Editor in 0.00 ms.
Mono: successfully reloaded assembly
- Completed reload, in  1.680 seconds
Domain Reload Profiling:
	ReloadAssembly (1681ms)
		BeginReloadAssembly (178ms)
			ExecutionOrderSort (0ms)
			DisableScriptedObjects (8ms)
			BackupInstance (0ms)
			ReleaseScriptingObjects (0ms)
			CreateAndSetChildDomain (47ms)
		EndReloadAssembly (1398ms)
			LoadAssemblies (155ms)
			RebuildTransferFunctionScriptingTraits (0ms)
			SetupTypeCache (427ms)
			ReleaseScriptCaches (1ms)
			RebuildScriptCaches (60ms)
			SetupLoadedEditorAssemblies (606ms)
				LogAssemblyErrors (0ms)
				InitializePlatformSupportModulesInManaged (8ms)
				SetLoadedEditorAssemblies (1ms)
				RefreshPlugins (1ms)
				BeforeProcessingInitializeOnLoad (119ms)
				ProcessInitializeOnLoadAttributes (460ms)
				ProcessInitializeOnLoadMethodAttributes (6ms)
				AfterProcessingInitializeOnLoad (12ms)
				EditorAssembliesLoaded (0ms)
			ExecutionOrderSort2 (0ms)
			AwakeInstancesAfterBackupRestoration (11ms)
Platform modules already initialized, skipping
Refreshing native plugins compatible for Editor in 0.44 ms, found 2 plugins.
Preloading 0 native plugins for Editor in 0.00 ms.
Unloading 1410 Unused Serialized files (Serialized files now loaded: 0)
System memory in use before: 69.3 MB.
System memory in use after: 69.4 MB.

Unloading 13 unused Assets to reduce memory usage. Loaded Objects now: 1931.
Total: 4.158400 ms (FindLiveObjects: 0.205000 ms CreateObjectMapping: 0.068800 ms MarkObjects: 3.857200 ms  DeleteObjects: 0.025500 ms)

AssetImportParameters requested are different than current active one (requested -> active):
  custom:framework-win-MediaFoundation: 216162199b28c13a410421893ffa2e32 -> 
  custom:video-decoder-ogg-theora: a1e56fd34408186e4bbccfd4996cb3dc -> 
  custom:container-muxer-webm: aa71ff27fc2769a1b78a27578f13a17b -> 
  custom:container-demuxer-webm: 4f35f7cbe854078d1ac9338744f61a02 -> 
  custom:container-demuxer-ogg: 62fdf1f143b41e24485cea50d1cbac27 -> 
  custom:video-encoder-webm-vp8: eb34c28f22e8b96e1ab97ce403110664 -> 
  custom:video-decoder-webm-vp8: 9c59270c3fd7afecdb556c50c9e8de78 -> 
  custom:audio-decoder-ogg-vorbis: bf7c407c2cedff20999df2af8eb42d56 -> 
  custom:audio-encoder-webm-vorbis: bf7c407c2cedff20999df2af8eb42d56 -> 
========================================================================
Received Prepare
Registering precompiled user dll's ...
Registered in 0.007299 seconds.
Begin MonoManager ReloadAssembly
Native extension for WindowsStandalone target not found
Refreshing native plugins compatible for Editor in 0.43 ms, found 2 plugins.
Preloading 0 native plugins for Editor in 0.00 ms.
Mono: successfully reloaded assembly
- Completed reload, in  1.685 seconds
Domain Reload Profiling:
	ReloadAssembly (1686ms)
		BeginReloadAssembly (183ms)
			ExecutionOrderSort (0ms)
			DisableScriptedObjects (8ms)
			BackupInstance (0ms)
			ReleaseScriptingObjects (0ms)
			CreateAndSetChildDomain (50ms)
		EndReloadAssembly (1396ms)
			LoadAssemblies (152ms)
			RebuildTransferFunctionScriptingTraits (0ms)
			SetupTypeCache (439ms)
			ReleaseScriptCaches (1ms)
			RebuildScriptCaches (58ms)
			SetupLoadedEditorAssemblies (594ms)
				LogAssemblyErrors (0ms)
				InitializePlatformSupportModulesInManaged (8ms)
				SetLoadedEditorAssemblies (1ms)
				RefreshPlugins (1ms)
				BeforeProcessingInitializeOnLoad (124ms)
				ProcessInitializeOnLoadAttributes (444ms)
				ProcessInitializeOnLoadMethodAttributes (6ms)
				AfterProcessingInitializeOnLoad (10ms)
				EditorAssembliesLoaded (0ms)
			ExecutionOrderSort2 (0ms)
			AwakeInstancesAfterBackupRestoration (12ms)
Platform modules already initialized, skipping
Refreshing native plugins compatible for Editor in 0.43 ms, found 2 plugins.
Preloading 0 native plugins for Editor in 0.00 ms.
Unloading 1410 Unused Serialized files (Serialized files now loaded: 0)
System memory in use before: 69.3 MB.
System memory in use after: 69.4 MB.

Unloading 13 unused Assets to reduce memory usage. Loaded Objects now: 1933.
Total: 4.248900 ms (FindLiveObjects: 0.191300 ms CreateObjectMapping: 0.067900 ms MarkObjects: 3.962600 ms  DeleteObjects: 0.025200 ms)

AssetImportParameters requested are different than current active one (requested -> active):
  custom:framework-win-MediaFoundation: 216162199b28c13a410421893ffa2e32 -> 
  custom:video-decoder-ogg-theora: a1e56fd34408186e4bbccfd4996cb3dc -> 
  custom:container-muxer-webm: aa71ff27fc2769a1b78a27578f13a17b -> 
  custom:container-demuxer-webm: 4f35f7cbe854078d1ac9338744f61a02 -> 
  custom:container-demuxer-ogg: 62fdf1f143b41e24485cea50d1cbac27 -> 
  custom:video-encoder-webm-vp8: eb34c28f22e8b96e1ab97ce403110664 -> 
  custom:video-decoder-webm-vp8: 9c59270c3fd7afecdb556c50c9e8de78 -> 
  custom:audio-decoder-ogg-vorbis: bf7c407c2cedff20999df2af8eb42d56 -> 
  custom:audio-encoder-webm-vorbis: bf7c407c2cedff20999df2af8eb42d56 -> 
========================================================================
Received Prepare
Registering precompiled user dll's ...
Registered in 0.012334 seconds.
Begin MonoManager ReloadAssembly
Native extension for WindowsStandalone target not found
Refreshing native plugins compatible for Editor in 0.35 ms, found 2 plugins.
Preloading 0 native plugins for Editor in 0.00 ms.
Mono: successfully reloaded assembly
- Completed reload, in  1.472 seconds
Domain Reload Profiling:
	ReloadAssembly (1482ms)
		BeginReloadAssembly (294ms)
			ExecutionOrderSort (0ms)
			DisableScriptedObjects (30ms)
			BackupInstance (0ms)
			ReleaseScriptingObjects (0ms)
			CreateAndSetChildDomain (115ms)
		EndReloadAssembly (1098ms)
			LoadAssemblies (181ms)
			RebuildTransferFunctionScriptingTraits (0ms)
			SetupTypeCache (340ms)
			ReleaseScriptCaches (1ms)
			RebuildScriptCaches (42ms)
			SetupLoadedEditorAssemblies (440ms)
				LogAssemblyErrors (0ms)
				InitializePlatformSupportModulesInManaged (6ms)
				SetLoadedEditorAssemblies (1ms)
				RefreshPlugins (0ms)
				BeforeProcessingInitializeOnLoad (89ms)
				ProcessInitializeOnLoadAttributes (331ms)
				ProcessInitializeOnLoadMethodAttributes (5ms)
				AfterProcessingInitializeOnLoad (7ms)
				EditorAssembliesLoaded (0ms)
			ExecutionOrderSort2 (0ms)
			AwakeInstancesAfterBackupRestoration (9ms)
Platform modules already initialized, skipping
Refreshing native plugins compatible for Editor in 0.36 ms, found 2 plugins.
Preloading 0 native plugins for Editor in 0.00 ms.
Unloading 1410 Unused Serialized files (Serialized files now loaded: 0)
System memory in use before: 69.3 MB.
System memory in use after: 69.4 MB.

Unloading 13 unused Assets to reduce memory usage. Loaded Objects now: 1935.
Total: 3.226100 ms (FindLiveObjects: 0.173600 ms CreateObjectMapping: 0.057000 ms MarkObjects: 2.967000 ms  DeleteObjects: 0.026900 ms)

AssetImportParameters requested are different than current active one (requested -> active):
  custom:framework-win-MediaFoundation: 216162199b28c13a410421893ffa2e32 -> 
  custom:video-decoder-ogg-theora: a1e56fd34408186e4bbccfd4996cb3dc -> 
  custom:container-muxer-webm: aa71ff27fc2769a1b78a27578f13a17b -> 
  custom:container-demuxer-webm: 4f35f7cbe854078d1ac9338744f61a02 -> 
  custom:container-demuxer-ogg: 62fdf1f143b41e24485cea50d1cbac27 -> 
  custom:video-encoder-webm-vp8: eb34c28f22e8b96e1ab97ce403110664 -> 
  custom:video-decoder-webm-vp8: 9c59270c3fd7afecdb556c50c9e8de78 -> 
  custom:audio-decoder-ogg-vorbis: bf7c407c2cedff20999df2af8eb42d56 -> 
  custom:audio-encoder-webm-vorbis: bf7c407c2cedff20999df2af8eb42d56 -> 
AssetImportWorkerClient::OnTransportError - code=2 error=End of file
